[0.288s] Invoking command in '/home/gordon/grasp/src/my_python_package': CONDA_PROMPT_MODIFIER=(grasp38) PYTHONPATH=/home/gordon/grasp/build/my_python_package/prefix_override:/usr/lib/python3/dist-packages/colcon_core/task/python/colcon_distutils_commands:/home/gordon/grasp/install/my_python_package/lib/python3.8/site-packages:${PYTHONPATH} /usr/bin/python3 -W ignore:setup.py install is deprecated -W ignore:easy_install command is deprecated setup.py egg_info --egg-base ../../build/my_python_package build --build-base /home/gordon/grasp/build/my_python_package/build install --record /home/gordon/grasp/build/my_python_package/install.log --single-version-externally-managed install_data
[0.385s] running egg_info
[0.385s] creating ../../build/my_python_package/my_python_package.egg-info
[0.385s] writing ../../build/my_python_package/my_python_package.egg-info/PKG-INFO
[0.385s] writing dependency_links to ../../build/my_python_package/my_python_package.egg-info/dependency_links.txt
[0.385s] writing entry points to ../../build/my_python_package/my_python_package.egg-info/entry_points.txt
[0.385s] writing requirements to ../../build/my_python_package/my_python_package.egg-info/requires.txt
[0.385s] writing top-level names to ../../build/my_python_package/my_python_package.egg-info/top_level.txt
[0.386s] writing manifest file '../../build/my_python_package/my_python_package.egg-info/SOURCES.txt'
[0.401s] reading manifest file '../../build/my_python_package/my_python_package.egg-info/SOURCES.txt'
[0.401s] writing manifest file '../../build/my_python_package/my_python_package.egg-info/SOURCES.txt'
[0.401s] running build
[0.401s] running build_py
[0.401s] creating /home/gordon/grasp/build/my_python_package/build
[0.402s] creating /home/gordon/grasp/build/my_python_package/build/lib
[0.402s] creating /home/gordon/grasp/build/my_python_package/build/lib/my_python_package
[0.402s] copying my_python_package/__init__.py -> /home/gordon/grasp/build/my_python_package/build/lib/my_python_package
[0.402s] copying my_python_package/trajectory_pubisher.py -> /home/gordon/grasp/build/my_python_package/build/lib/my_python_package
[0.402s] copying my_python_package/pose_publisher.py -> /home/gordon/grasp/build/my_python_package/build/lib/my_python_package
[0.402s] running install
[0.402s] running install_lib
[0.402s] creating /home/gordon/grasp/install/my_python_package/lib/python3.8/site-packages/my_python_package
[0.403s] copying /home/gordon/grasp/build/my_python_package/build/lib/my_python_package/__init__.py -> /home/gordon/grasp/install/my_python_package/lib/python3.8/site-packages/my_python_package
[0.403s] copying /home/gordon/grasp/build/my_python_package/build/lib/my_python_package/trajectory_pubisher.py -> /home/gordon/grasp/install/my_python_package/lib/python3.8/site-packages/my_python_package
[0.403s] copying /home/gordon/grasp/build/my_python_package/build/lib/my_python_package/pose_publisher.py -> /home/gordon/grasp/install/my_python_package/lib/python3.8/site-packages/my_python_package
[0.403s] byte-compiling /home/gordon/grasp/install/my_python_package/lib/python3.8/site-packages/my_python_package/__init__.py to __init__.cpython-38.pyc
[0.403s] byte-compiling /home/gordon/grasp/install/my_python_package/lib/python3.8/site-packages/my_python_package/trajectory_pubisher.py to trajectory_pubisher.cpython-38.pyc
[0.404s] byte-compiling /home/gordon/grasp/install/my_python_package/lib/python3.8/site-packages/my_python_package/pose_publisher.py to pose_publisher.cpython-38.pyc
[0.404s] running install_data
[0.404s] creating /home/gordon/grasp/install/my_python_package/share/ament_index
[0.404s] creating /home/gordon/grasp/install/my_python_package/share/ament_index/resource_index
[0.404s] creating /home/gordon/grasp/install/my_python_package/share/ament_index/resource_index/packages
[0.404s] copying resource/my_python_package -> /home/gordon/grasp/install/my_python_package/share/ament_index/resource_index/packages
[0.404s] copying package.xml -> /home/gordon/grasp/install/my_python_package/share/my_python_package
[0.404s] running install_egg_info
[0.405s] Copying ../../build/my_python_package/my_python_package.egg-info to /home/gordon/grasp/install/my_python_package/lib/python3.8/site-packages/my_python_package-0.0.0-py3.8.egg-info
[0.405s] running install_scripts
[0.414s] Installing pose_publisher script to /home/gordon/grasp/install/my_python_package/lib/my_python_package
[0.414s] Installing trajectory_publisher script to /home/gordon/grasp/install/my_python_package/lib/my_python_package
[0.414s] writing list of installed files to '/home/gordon/grasp/build/my_python_package/install.log'
[0.424s] Invoked command in '/home/gordon/grasp/src/my_python_package' returned '0': CONDA_PROMPT_MODIFIER=(grasp38) PYTHONPATH=/home/gordon/grasp/build/my_python_package/prefix_override:/usr/lib/python3/dist-packages/colcon_core/task/python/colcon_distutils_commands:/home/gordon/grasp/install/my_python_package/lib/python3.8/site-packages:${PYTHONPATH} /usr/bin/python3 -W ignore:setup.py install is deprecated -W ignore:easy_install command is deprecated setup.py egg_info --egg-base ../../build/my_python_package build --build-base /home/gordon/grasp/build/my_python_package/build install --record /home/gordon/grasp/build/my_python_package/install.log --single-version-externally-managed install_data
