[0.015s] Invoking command in '/home/gordon/grasp/build/franka_msgs': CMAKE_PREFIX_PATH=/home/gordon/grasp/install/my_python_package:/opt/ros/foxy CONDA_PROMPT_MODIFIER=(grasp38) /usr/bin/cmake --build /home/gordon/grasp/build/franka_msgs -- -j20 -l20
[0.030s] [  1%] [34m[1mGenerating C code for ROS interfaces[0m
[0.033s] [  1%] [34m[1mGenerating C++ code for ROS interfaces[0m
[1.041s] [  1%] Built target franka_msgs__cpp
[1.044s] [  2%] [34m[1mGenerating C++ type support dispatch for ROS interfaces[0m
[1.044s] [  3%] [34m[1mGenerating C++ type support for eProsima Fast-RTPS[0m
[1.044s] [  3%] [34m[1mGenerating C++ introspection for ROS interfaces[0m
[1.115s] [  3%] [32mBuilding C object CMakeFiles/franka_msgs__rosidl_generator_c.dir/rosidl_generator_c/franka_msgs/action/detail/error_recovery__functions.c.o[0m
[1.116s] [  4%] [32mBuilding C object CMakeFiles/franka_msgs__rosidl_generator_c.dir/rosidl_generator_c/franka_msgs/action/detail/grasp__functions.c.o[0m
[1.116s] [  5%] [32mBuilding C object CMakeFiles/franka_msgs__rosidl_generator_c.dir/rosidl_generator_c/franka_msgs/action/detail/homing__functions.c.o[0m
[1.117s] [  5%] [32mBuilding C object CMakeFiles/franka_msgs__rosidl_generator_c.dir/rosidl_generator_c/franka_msgs/action/detail/move__functions.c.o[0m
[1.117s] [  6%] [32mBuilding C object CMakeFiles/franka_msgs__rosidl_generator_c.dir/rosidl_generator_c/franka_msgs/msg/detail/collision_indicators__functions.c.o[0m
[1.117s] [  7%] [32mBuilding C object CMakeFiles/franka_msgs__rosidl_generator_c.dir/rosidl_generator_c/franka_msgs/msg/detail/elbow__functions.c.o[0m
[1.117s] [  7%] [32mBuilding C object CMakeFiles/franka_msgs__rosidl_generator_c.dir/rosidl_generator_c/franka_msgs/msg/detail/errors__functions.c.o[0m
[1.117s] [  8%] [32mBuilding C object CMakeFiles/franka_msgs__rosidl_generator_c.dir/rosidl_generator_c/franka_msgs/msg/detail/grasp_epsilon__functions.c.o[0m
[1.118s] [  8%] [32mBuilding C object CMakeFiles/franka_msgs__rosidl_generator_c.dir/rosidl_generator_c/franka_msgs/srv/detail/set_cartesian_stiffness__functions.c.o[0m
[1.118s] [ 10%] [32mBuilding C object CMakeFiles/franka_msgs__rosidl_generator_c.dir/rosidl_generator_c/franka_msgs/msg/detail/franka_robot_state__functions.c.o[0m
[1.118s] [ 10%] [32mBuilding C object CMakeFiles/franka_msgs__rosidl_generator_c.dir/rosidl_generator_c/franka_msgs/srv/detail/set_tcp_frame__functions.c.o[0m
[1.118s] [ 11%] [32mBuilding C object CMakeFiles/franka_msgs__rosidl_generator_c.dir/rosidl_generator_c/franka_msgs/srv/detail/set_force_torque_collision_behavior__functions.c.o[0m
[1.118s] [ 11%] [32mBuilding C object CMakeFiles/franka_msgs__rosidl_generator_c.dir/rosidl_generator_c/franka_msgs/srv/detail/set_full_collision_behavior__functions.c.o[0m
[1.118s] [ 12%] [32mBuilding C object CMakeFiles/franka_msgs__rosidl_generator_c.dir/rosidl_generator_c/franka_msgs/srv/detail/set_joint_stiffness__functions.c.o[0m
[1.118s] [ 13%] [32mBuilding C object CMakeFiles/franka_msgs__rosidl_generator_c.dir/rosidl_generator_c/franka_msgs/srv/detail/set_stiffness_frame__functions.c.o[0m
[1.118s] [ 13%] [32mBuilding C object CMakeFiles/franka_msgs__rosidl_generator_c.dir/rosidl_generator_c/franka_msgs/srv/detail/set_load__functions.c.o[0m
[1.222s] [ 14%] [32m[1mLinking C shared library libfranka_msgs__rosidl_generator_c.so[0m
[1.247s] [ 14%] Built target franka_msgs__rosidl_generator_c
[1.250s] [ 15%] [34m[1mGenerating C introspection for ROS interfaces[0m
[1.250s] [ 16%] [34m[1mGenerating C type support dispatch for ROS interfaces[0m
[1.786s] [ 17%] [32mBuilding CXX object CMakeFiles/franka_msgs__rosidl_typesupport_cpp.dir/rosidl_typesupport_cpp/franka_msgs/action/error_recovery__type_support.cpp.o[0m
[1.786s] [ 17%] [32mBuilding CXX object CMakeFiles/franka_msgs__rosidl_typesupport_cpp.dir/rosidl_typesupport_cpp/franka_msgs/action/grasp__type_support.cpp.o[0m
[1.787s] [ 19%] [32mBuilding CXX object CMakeFiles/franka_msgs__rosidl_typesupport_cpp.dir/rosidl_typesupport_cpp/franka_msgs/action/homing__type_support.cpp.o[0m
[1.787s] [ 19%] [32mBuilding CXX object CMakeFiles/franka_msgs__rosidl_typesupport_cpp.dir/rosidl_typesupport_cpp/franka_msgs/action/move__type_support.cpp.o[0m
[1.787s] [ 19%] [32mBuilding CXX object CMakeFiles/franka_msgs__rosidl_typesupport_cpp.dir/rosidl_typesupport_cpp/franka_msgs/msg/collision_indicators__type_support.cpp.o[0m
[1.787s] [ 20%] [32mBuilding CXX object CMakeFiles/franka_msgs__rosidl_typesupport_cpp.dir/rosidl_typesupport_cpp/franka_msgs/msg/elbow__type_support.cpp.o[0m
[1.788s] [ 21%] [32mBuilding CXX object CMakeFiles/franka_msgs__rosidl_typesupport_cpp.dir/rosidl_typesupport_cpp/franka_msgs/msg/errors__type_support.cpp.o[0m
[1.788s] [ 21%] [32mBuilding CXX object CMakeFiles/franka_msgs__rosidl_typesupport_cpp.dir/rosidl_typesupport_cpp/franka_msgs/msg/grasp_epsilon__type_support.cpp.o[0m
[1.788s] [ 22%] [32mBuilding CXX object CMakeFiles/franka_msgs__rosidl_typesupport_cpp.dir/rosidl_typesupport_cpp/franka_msgs/srv/set_cartesian_stiffness__type_support.cpp.o[0m
[1.788s] [ 23%] [32mBuilding CXX object CMakeFiles/franka_msgs__rosidl_typesupport_cpp.dir/rosidl_typesupport_cpp/franka_msgs/msg/franka_robot_state__type_support.cpp.o[0m
[1.788s] [ 24%] [32mBuilding CXX object CMakeFiles/franka_msgs__rosidl_typesupport_cpp.dir/rosidl_typesupport_cpp/franka_msgs/srv/set_tcp_frame__type_support.cpp.o[0m
[1.788s] [ 24%] [32mBuilding CXX object CMakeFiles/franka_msgs__rosidl_typesupport_cpp.dir/rosidl_typesupport_cpp/franka_msgs/srv/set_force_torque_collision_behavior__type_support.cpp.o[0m
[1.789s] [ 25%] [32mBuilding CXX object CMakeFiles/franka_msgs__rosidl_typesupport_cpp.dir/rosidl_typesupport_cpp/franka_msgs/srv/set_full_collision_behavior__type_support.cpp.o[0m
[1.789s] [ 25%] [32mBuilding CXX object CMakeFiles/franka_msgs__rosidl_typesupport_cpp.dir/rosidl_typesupport_cpp/franka_msgs/srv/set_joint_stiffness__type_support.cpp.o[0m
[1.789s] [ 26%] [32mBuilding CXX object CMakeFiles/franka_msgs__rosidl_typesupport_cpp.dir/rosidl_typesupport_cpp/franka_msgs/srv/set_stiffness_frame__type_support.cpp.o[0m
[1.790s] [ 27%] [32mBuilding CXX object CMakeFiles/franka_msgs__rosidl_typesupport_cpp.dir/rosidl_typesupport_cpp/franka_msgs/srv/set_load__type_support.cpp.o[0m
[2.014s] [ 29%] [32mBuilding CXX object CMakeFiles/franka_msgs__rosidl_typesupport_introspection_cpp.dir/rosidl_typesupport_introspection_cpp/franka_msgs/action/detail/grasp__type_support.cpp.o[0m
[2.014s] [ 29%] [32mBuilding CXX object CMakeFiles/franka_msgs__rosidl_typesupport_introspection_cpp.dir/rosidl_typesupport_introspection_cpp/franka_msgs/action/detail/error_recovery__type_support.cpp.o[0m
[2.027s] [ 29%] [32mBuilding CXX object CMakeFiles/franka_msgs__rosidl_typesupport_introspection_cpp.dir/rosidl_typesupport_introspection_cpp/franka_msgs/action/detail/homing__type_support.cpp.o[0m
[2.041s] [ 30%] [32mBuilding CXX object CMakeFiles/franka_msgs__rosidl_typesupport_introspection_cpp.dir/rosidl_typesupport_introspection_cpp/franka_msgs/action/detail/move__type_support.cpp.o[0m
[2.042s] [ 31%] [32mBuilding CXX object CMakeFiles/franka_msgs__rosidl_typesupport_introspection_cpp.dir/rosidl_typesupport_introspection_cpp/franka_msgs/msg/detail/collision_indicators__type_support.cpp.o[0m
[2.063s] [ 31%] [32mBuilding CXX object CMakeFiles/franka_msgs__rosidl_typesupport_introspection_cpp.dir/rosidl_typesupport_introspection_cpp/franka_msgs/msg/detail/elbow__type_support.cpp.o[0m
[2.068s] [ 32%] [32mBuilding CXX object CMakeFiles/franka_msgs__rosidl_typesupport_introspection_cpp.dir/rosidl_typesupport_introspection_cpp/franka_msgs/msg/detail/errors__type_support.cpp.o[0m
[2.086s] [ 33%] [32mBuilding CXX object CMakeFiles/franka_msgs__rosidl_typesupport_introspection_cpp.dir/rosidl_typesupport_introspection_cpp/franka_msgs/msg/detail/grasp_epsilon__type_support.cpp.o[0m
[2.086s] [ 34%] [32mBuilding CXX object CMakeFiles/franka_msgs__rosidl_typesupport_introspection_cpp.dir/rosidl_typesupport_introspection_cpp/franka_msgs/srv/detail/set_cartesian_stiffness__type_support.cpp.o[0m
[2.086s] [ 34%] [32mBuilding CXX object CMakeFiles/franka_msgs__rosidl_typesupport_introspection_cpp.dir/rosidl_typesupport_introspection_cpp/franka_msgs/msg/detail/franka_robot_state__type_support.cpp.o[0m
[2.086s] [ 35%] [32mBuilding CXX object CMakeFiles/franka_msgs__rosidl_typesupport_introspection_cpp.dir/rosidl_typesupport_introspection_cpp/franka_msgs/srv/detail/set_tcp_frame__type_support.cpp.o[0m
[2.089s] [ 35%] [32mBuilding CXX object CMakeFiles/franka_msgs__rosidl_typesupport_introspection_cpp.dir/rosidl_typesupport_introspection_cpp/franka_msgs/srv/detail/set_force_torque_collision_behavior__type_support.cpp.o[0m
[2.117s] [ 36%] [32mBuilding CXX object CMakeFiles/franka_msgs__rosidl_typesupport_introspection_cpp.dir/rosidl_typesupport_introspection_cpp/franka_msgs/srv/detail/set_full_collision_behavior__type_support.cpp.o[0m
[2.128s] [ 36%] [32mBuilding CXX object CMakeFiles/franka_msgs__rosidl_typesupport_introspection_cpp.dir/rosidl_typesupport_introspection_cpp/franka_msgs/srv/detail/set_stiffness_frame__type_support.cpp.o[0m
[2.129s] [ 37%] [32mBuilding CXX object CMakeFiles/franka_msgs__rosidl_typesupport_introspection_cpp.dir/rosidl_typesupport_introspection_cpp/franka_msgs/srv/detail/set_load__type_support.cpp.o[0m
[2.134s] [ 37%] [32m[1mLinking CXX shared library libfranka_msgs__rosidl_typesupport_cpp.so[0m
[2.134s] [ 37%] [32mBuilding CXX object CMakeFiles/franka_msgs__rosidl_typesupport_c.dir/rosidl_typesupport_c/franka_msgs/action/error_recovery__type_support.cpp.o[0m
[2.137s] [ 38%] [32mBuilding CXX object CMakeFiles/franka_msgs__rosidl_typesupport_introspection_cpp.dir/rosidl_typesupport_introspection_cpp/franka_msgs/srv/detail/set_joint_stiffness__type_support.cpp.o[0m
[2.174s] [ 38%] Built target franka_msgs__rosidl_typesupport_cpp
[2.177s] [ 39%] [32mBuilding CXX object CMakeFiles/franka_msgs__rosidl_typesupport_c.dir/rosidl_typesupport_c/franka_msgs/action/grasp__type_support.cpp.o[0m
[2.179s] [ 40%] [32mBuilding CXX object CMakeFiles/franka_msgs__rosidl_typesupport_c.dir/rosidl_typesupport_c/franka_msgs/action/homing__type_support.cpp.o[0m
[2.220s] [ 40%] [32mBuilding CXX object CMakeFiles/franka_msgs__rosidl_typesupport_c.dir/rosidl_typesupport_c/franka_msgs/action/move__type_support.cpp.o[0m
[2.240s] [ 41%] [32mBuilding CXX object CMakeFiles/franka_msgs__rosidl_typesupport_c.dir/rosidl_typesupport_c/franka_msgs/msg/collision_indicators__type_support.cpp.o[0m
[2.264s] [ 42%] [32mBuilding CXX object CMakeFiles/franka_msgs__rosidl_typesupport_c.dir/rosidl_typesupport_c/franka_msgs/msg/errors__type_support.cpp.o[0m
[2.264s] [ 42%] [32mBuilding CXX object CMakeFiles/franka_msgs__rosidl_typesupport_c.dir/rosidl_typesupport_c/franka_msgs/msg/elbow__type_support.cpp.o[0m
[2.286s] [ 43%] [32mBuilding CXX object CMakeFiles/franka_msgs__rosidl_typesupport_c.dir/rosidl_typesupport_c/franka_msgs/msg/grasp_epsilon__type_support.cpp.o[0m
[2.299s] [ 44%] [32mBuilding CXX object CMakeFiles/franka_msgs__rosidl_typesupport_c.dir/rosidl_typesupport_c/franka_msgs/msg/franka_robot_state__type_support.cpp.o[0m
[2.308s] [ 44%] [32mBuilding CXX object CMakeFiles/franka_msgs__rosidl_typesupport_c.dir/rosidl_typesupport_c/franka_msgs/srv/set_cartesian_stiffness__type_support.cpp.o[0m
[2.309s] [ 45%] [32mBuilding CXX object CMakeFiles/franka_msgs__rosidl_typesupport_c.dir/rosidl_typesupport_c/franka_msgs/srv/set_tcp_frame__type_support.cpp.o[0m
[2.309s] [ 46%] [32mBuilding CXX object CMakeFiles/franka_msgs__rosidl_typesupport_c.dir/rosidl_typesupport_c/franka_msgs/srv/set_force_torque_collision_behavior__type_support.cpp.o[0m
[2.312s] [ 46%] [32mBuilding CXX object CMakeFiles/franka_msgs__rosidl_typesupport_c.dir/rosidl_typesupport_c/franka_msgs/srv/set_full_collision_behavior__type_support.cpp.o[0m
[2.325s] [ 47%] [32mBuilding CXX object CMakeFiles/franka_msgs__rosidl_typesupport_c.dir/rosidl_typesupport_c/franka_msgs/srv/set_joint_stiffness__type_support.cpp.o[0m
[2.326s] [ 48%] [32mBuilding CXX object CMakeFiles/franka_msgs__rosidl_typesupport_c.dir/rosidl_typesupport_c/franka_msgs/srv/set_stiffness_frame__type_support.cpp.o[0m
[2.330s] [ 48%] [32mBuilding CXX object CMakeFiles/franka_msgs__rosidl_typesupport_c.dir/rosidl_typesupport_c/franka_msgs/srv/set_load__type_support.cpp.o[0m
[2.349s] [ 49%] [32m[1mLinking CXX shared library libfranka_msgs__rosidl_typesupport_c.so[0m
[2.370s] [ 49%] Built target franka_msgs__rosidl_typesupport_c
[2.391s] [ 50%] [32mBuilding CXX object CMakeFiles/franka_msgs__rosidl_typesupport_fastrtps_cpp.dir/rosidl_typesupport_fastrtps_cpp/franka_msgs/action/detail/dds_fastrtps/error_recovery__type_support.cpp.o[0m
[2.391s] [ 51%] [32mBuilding CXX object CMakeFiles/franka_msgs__rosidl_typesupport_fastrtps_cpp.dir/rosidl_typesupport_fastrtps_cpp/franka_msgs/action/detail/dds_fastrtps/homing__type_support.cpp.o[0m
[2.391s] [ 51%] [32mBuilding CXX object CMakeFiles/franka_msgs__rosidl_typesupport_fastrtps_cpp.dir/rosidl_typesupport_fastrtps_cpp/franka_msgs/action/detail/dds_fastrtps/grasp__type_support.cpp.o[0m
[2.391s] [ 52%] [32mBuilding CXX object CMakeFiles/franka_msgs__rosidl_typesupport_fastrtps_cpp.dir/rosidl_typesupport_fastrtps_cpp/franka_msgs/action/detail/dds_fastrtps/move__type_support.cpp.o[0m
[2.392s] [ 52%] [32mBuilding CXX object CMakeFiles/franka_msgs__rosidl_typesupport_fastrtps_cpp.dir/rosidl_typesupport_fastrtps_cpp/franka_msgs/msg/detail/dds_fastrtps/collision_indicators__type_support.cpp.o[0m
[2.392s] [ 53%] [32mBuilding CXX object CMakeFiles/franka_msgs__rosidl_typesupport_fastrtps_cpp.dir/rosidl_typesupport_fastrtps_cpp/franka_msgs/msg/detail/dds_fastrtps/elbow__type_support.cpp.o[0m
[2.392s] [ 54%] [32mBuilding CXX object CMakeFiles/franka_msgs__rosidl_typesupport_fastrtps_cpp.dir/rosidl_typesupport_fastrtps_cpp/franka_msgs/msg/detail/dds_fastrtps/grasp_epsilon__type_support.cpp.o[0m
[2.392s] [ 54%] [32mBuilding CXX object CMakeFiles/franka_msgs__rosidl_typesupport_fastrtps_cpp.dir/rosidl_typesupport_fastrtps_cpp/franka_msgs/msg/detail/dds_fastrtps/franka_robot_state__type_support.cpp.o[0m
[2.392s] [ 55%] [32mBuilding CXX object CMakeFiles/franka_msgs__rosidl_typesupport_fastrtps_cpp.dir/rosidl_typesupport_fastrtps_cpp/franka_msgs/msg/detail/dds_fastrtps/errors__type_support.cpp.o[0m
[2.393s] [ 57%] [32mBuilding CXX object CMakeFiles/franka_msgs__rosidl_typesupport_fastrtps_cpp.dir/rosidl_typesupport_fastrtps_cpp/franka_msgs/srv/detail/dds_fastrtps/set_full_collision_behavior__type_support.cpp.o[0m
[2.393s] [ 57%] [32mBuilding CXX object CMakeFiles/franka_msgs__rosidl_typesupport_fastrtps_cpp.dir/rosidl_typesupport_fastrtps_cpp/franka_msgs/srv/detail/dds_fastrtps/set_tcp_frame__type_support.cpp.o[0m
[2.394s] [ 57%] [32mBuilding CXX object CMakeFiles/franka_msgs__rosidl_typesupport_fastrtps_cpp.dir/rosidl_typesupport_fastrtps_cpp/franka_msgs/srv/detail/dds_fastrtps/set_force_torque_collision_behavior__type_support.cpp.o[0m
[2.394s] [ 58%] [32mBuilding CXX object CMakeFiles/franka_msgs__rosidl_typesupport_fastrtps_cpp.dir/rosidl_typesupport_fastrtps_cpp/franka_msgs/srv/detail/dds_fastrtps/set_cartesian_stiffness__type_support.cpp.o[0m
[2.414s] [ 59%] [32mBuilding CXX object CMakeFiles/franka_msgs__rosidl_typesupport_fastrtps_cpp.dir/rosidl_typesupport_fastrtps_cpp/franka_msgs/srv/detail/dds_fastrtps/set_joint_stiffness__type_support.cpp.o[0m
[2.414s] [ 59%] [32mBuilding CXX object CMakeFiles/franka_msgs__rosidl_typesupport_fastrtps_cpp.dir/rosidl_typesupport_fastrtps_cpp/franka_msgs/srv/detail/dds_fastrtps/set_load__type_support.cpp.o[0m
[2.414s] [ 60%] [32mBuilding CXX object CMakeFiles/franka_msgs__rosidl_typesupport_fastrtps_cpp.dir/rosidl_typesupport_fastrtps_cpp/franka_msgs/srv/detail/dds_fastrtps/set_stiffness_frame__type_support.cpp.o[0m
[2.456s] [ 61%] [32m[1mLinking CXX shared library libfranka_msgs__rosidl_typesupport_introspection_cpp.so[0m
[2.532s] [ 61%] Built target franka_msgs__rosidl_typesupport_introspection_cpp
[2.554s] [ 64%] [32mBuilding C object CMakeFiles/franka_msgs__rosidl_typesupport_introspection_c.dir/rosidl_typesupport_introspection_c/franka_msgs/action/detail/error_recovery__type_support.c.o[0m
[2.554s] [ 64%] [32mBuilding C object CMakeFiles/franka_msgs__rosidl_typesupport_introspection_c.dir/rosidl_typesupport_introspection_c/franka_msgs/action/detail/move__type_support.c.o[0m
[2.554s] [ 64%] [32mBuilding C object CMakeFiles/franka_msgs__rosidl_typesupport_introspection_c.dir/rosidl_typesupport_introspection_c/franka_msgs/action/detail/homing__type_support.c.o[0m
[2.554s] [ 64%] [32mBuilding C object CMakeFiles/franka_msgs__rosidl_typesupport_introspection_c.dir/rosidl_typesupport_introspection_c/franka_msgs/action/detail/grasp__type_support.c.o[0m
[2.594s] [ 66%] [32mBuilding C object CMakeFiles/franka_msgs__rosidl_typesupport_introspection_c.dir/rosidl_typesupport_introspection_c/franka_msgs/msg/detail/errors__type_support.c.o[0m
[2.594s] [ 66%] [32mBuilding C object CMakeFiles/franka_msgs__rosidl_typesupport_introspection_c.dir/rosidl_typesupport_introspection_c/franka_msgs/msg/detail/collision_indicators__type_support.c.o[0m
[2.594s] [ 66%] [32mBuilding C object CMakeFiles/franka_msgs__rosidl_typesupport_introspection_c.dir/rosidl_typesupport_introspection_c/franka_msgs/msg/detail/elbow__type_support.c.o[0m
[2.600s] [ 66%] [32mBuilding C object CMakeFiles/franka_msgs__rosidl_typesupport_introspection_c.dir/rosidl_typesupport_introspection_c/franka_msgs/msg/detail/grasp_epsilon__type_support.c.o[0m
[2.620s] [ 67%] [32mBuilding C object CMakeFiles/franka_msgs__rosidl_typesupport_introspection_c.dir/rosidl_typesupport_introspection_c/franka_msgs/srv/detail/set_cartesian_stiffness__type_support.c.o[0m
[2.621s] [ 68%] [32mBuilding C object CMakeFiles/franka_msgs__rosidl_typesupport_introspection_c.dir/rosidl_typesupport_introspection_c/franka_msgs/msg/detail/franka_robot_state__type_support.c.o[0m
[2.624s] [ 68%] [32mBuilding C object CMakeFiles/franka_msgs__rosidl_typesupport_introspection_c.dir/rosidl_typesupport_introspection_c/franka_msgs/srv/detail/set_tcp_frame__type_support.c.o[0m
[2.626s] [ 69%] [32mBuilding C object CMakeFiles/franka_msgs__rosidl_typesupport_introspection_c.dir/rosidl_typesupport_introspection_c/franka_msgs/srv/detail/set_force_torque_collision_behavior__type_support.c.o[0m
[2.651s] [ 70%] [32mBuilding C object CMakeFiles/franka_msgs__rosidl_typesupport_introspection_c.dir/rosidl_typesupport_introspection_c/franka_msgs/srv/detail/set_full_collision_behavior__type_support.c.o[0m
[2.653s] [ 70%] [32mBuilding C object CMakeFiles/franka_msgs__rosidl_typesupport_introspection_c.dir/rosidl_typesupport_introspection_c/franka_msgs/srv/detail/set_joint_stiffness__type_support.c.o[0m
[2.654s] [ 71%] [32mBuilding C object CMakeFiles/franka_msgs__rosidl_typesupport_introspection_c.dir/rosidl_typesupport_introspection_c/franka_msgs/srv/detail/set_stiffness_frame__type_support.c.o[0m
[2.658s] [ 72%] [32mBuilding C object CMakeFiles/franka_msgs__rosidl_typesupport_introspection_c.dir/rosidl_typesupport_introspection_c/franka_msgs/srv/detail/set_load__type_support.c.o[0m
[2.687s] [ 72%] [32m[1mLinking C shared library libfranka_msgs__rosidl_typesupport_introspection_c.so[0m
[2.715s] [ 72%] Built target franka_msgs__rosidl_typesupport_introspection_c
[2.835s] [ 72%] [32m[1mLinking CXX shared library libfranka_msgs__rosidl_typesupport_fastrtps_cpp.so[0m
[2.885s] [ 72%] Built target franka_msgs__rosidl_typesupport_fastrtps_cpp
[2.888s] [ 73%] [34m[1mGenerating C type support for eProsima Fast-RTPS[0m
[3.787s] [ 73%] [32mBuilding CXX object CMakeFiles/franka_msgs__rosidl_typesupport_fastrtps_c.dir/rosidl_typesupport_fastrtps_c/franka_msgs/action/detail/error_recovery__type_support_c.cpp.o[0m
[3.787s] [ 74%] [32mBuilding CXX object CMakeFiles/franka_msgs__rosidl_typesupport_fastrtps_c.dir/rosidl_typesupport_fastrtps_c/franka_msgs/action/detail/grasp__type_support_c.cpp.o[0m
[3.787s] [ 75%] [32mBuilding CXX object CMakeFiles/franka_msgs__rosidl_typesupport_fastrtps_c.dir/rosidl_typesupport_fastrtps_c/franka_msgs/action/detail/homing__type_support_c.cpp.o[0m
[3.787s] [ 75%] [32mBuilding CXX object CMakeFiles/franka_msgs__rosidl_typesupport_fastrtps_c.dir/rosidl_typesupport_fastrtps_c/franka_msgs/action/detail/move__type_support_c.cpp.o[0m
[3.788s] [ 76%] [32mBuilding CXX object CMakeFiles/franka_msgs__rosidl_typesupport_fastrtps_c.dir/rosidl_typesupport_fastrtps_c/franka_msgs/msg/detail/collision_indicators__type_support_c.cpp.o[0m
[3.788s] [ 77%] [32mBuilding CXX object CMakeFiles/franka_msgs__rosidl_typesupport_fastrtps_c.dir/rosidl_typesupport_fastrtps_c/franka_msgs/msg/detail/elbow__type_support_c.cpp.o[0m
[3.789s] [ 78%] [32mBuilding CXX object CMakeFiles/franka_msgs__rosidl_typesupport_fastrtps_c.dir/rosidl_typesupport_fastrtps_c/franka_msgs/msg/detail/franka_robot_state__type_support_c.cpp.o[0m
[3.789s] [ 77%] [32mBuilding CXX object CMakeFiles/franka_msgs__rosidl_typesupport_fastrtps_c.dir/rosidl_typesupport_fastrtps_c/franka_msgs/msg/detail/errors__type_support_c.cpp.o[0m
[3.789s] [ 79%] [32mBuilding CXX object CMakeFiles/franka_msgs__rosidl_typesupport_fastrtps_c.dir/rosidl_typesupport_fastrtps_c/franka_msgs/msg/detail/grasp_epsilon__type_support_c.cpp.o[0m
[3.789s] [ 79%] [32mBuilding CXX object CMakeFiles/franka_msgs__rosidl_typesupport_fastrtps_c.dir/rosidl_typesupport_fastrtps_c/franka_msgs/srv/detail/set_cartesian_stiffness__type_support_c.cpp.o[0m
[3.789s] [ 80%] [32mBuilding CXX object CMakeFiles/franka_msgs__rosidl_typesupport_fastrtps_c.dir/rosidl_typesupport_fastrtps_c/franka_msgs/srv/detail/set_force_torque_collision_behavior__type_support_c.cpp.o[0m
[3.790s] [ 81%] [32mBuilding CXX object CMakeFiles/franka_msgs__rosidl_typesupport_fastrtps_c.dir/rosidl_typesupport_fastrtps_c/franka_msgs/srv/detail/set_tcp_frame__type_support_c.cpp.o[0m
[3.791s] [ 82%] [32mBuilding CXX object CMakeFiles/franka_msgs__rosidl_typesupport_fastrtps_c.dir/rosidl_typesupport_fastrtps_c/franka_msgs/srv/detail/set_full_collision_behavior__type_support_c.cpp.o[0m
[3.791s] [ 82%] [32mBuilding CXX object CMakeFiles/franka_msgs__rosidl_typesupport_fastrtps_c.dir/rosidl_typesupport_fastrtps_c/franka_msgs/srv/detail/set_joint_stiffness__type_support_c.cpp.o[0m
[3.791s] [ 83%] [32mBuilding CXX object CMakeFiles/franka_msgs__rosidl_typesupport_fastrtps_c.dir/rosidl_typesupport_fastrtps_c/franka_msgs/srv/detail/set_stiffness_frame__type_support_c.cpp.o[0m
[3.791s] [ 83%] [32mBuilding CXX object CMakeFiles/franka_msgs__rosidl_typesupport_fastrtps_c.dir/rosidl_typesupport_fastrtps_c/franka_msgs/srv/detail/set_load__type_support_c.cpp.o[0m
[4.109s] [ 84%] [32m[1mLinking CXX shared library libfranka_msgs__rosidl_typesupport_fastrtps_c.so[0m
[4.155s] [ 84%] Built target franka_msgs__rosidl_typesupport_fastrtps_c
[4.161s] [ 84%] Built target franka_msgs
[4.171s] [ 85%] [34m[1mGenerating Python code for ROS interfaces[0m
[6.432s] [ 85%] Built target franka_msgs__py
[6.437s] [ 85%] [32mBuilding C object CMakeFiles/franka_msgs__python.dir/rosidl_generator_py/franka_msgs/action/_error_recovery_s.c.o[0m
[6.438s] [ 87%] [32mBuilding C object CMakeFiles/franka_msgs__python.dir/rosidl_generator_py/franka_msgs/action/_homing_s.c.o[0m
[6.438s] [ 86%] [32mBuilding C object CMakeFiles/franka_msgs__python.dir/rosidl_generator_py/franka_msgs/action/_grasp_s.c.o[0m
[6.438s] [ 87%] [32mBuilding C object CMakeFiles/franka_msgs__python.dir/rosidl_generator_py/franka_msgs/action/_move_s.c.o[0m
[6.438s] [ 88%] [32mBuilding C object CMakeFiles/franka_msgs__python.dir/rosidl_generator_py/franka_msgs/msg/_elbow_s.c.o[0m
[6.439s] [ 88%] [32mBuilding C object CMakeFiles/franka_msgs__python.dir/rosidl_generator_py/franka_msgs/msg/_errors_s.c.o[0m
[6.439s] [ 89%] [32mBuilding C object CMakeFiles/franka_msgs__python.dir/rosidl_generator_py/franka_msgs/msg/_collision_indicators_s.c.o[0m
[6.440s] [ 90%] [32mBuilding C object CMakeFiles/franka_msgs__python.dir/rosidl_generator_py/franka_msgs/srv/_set_cartesian_stiffness_s.c.o[0m
[6.440s] [ 90%] [32mBuilding C object CMakeFiles/franka_msgs__python.dir/rosidl_generator_py/franka_msgs/msg/_grasp_epsilon_s.c.o[0m
[6.440s] [ 91%] [32mBuilding C object CMakeFiles/franka_msgs__python.dir/rosidl_generator_py/franka_msgs/msg/_franka_robot_state_s.c.o[0m
[6.440s] [ 92%] [32mBuilding C object CMakeFiles/franka_msgs__python.dir/rosidl_generator_py/franka_msgs/srv/_set_tcp_frame_s.c.o[0m
[6.440s] [ 93%] [32mBuilding C object CMakeFiles/franka_msgs__python.dir/rosidl_generator_py/franka_msgs/srv/_set_force_torque_collision_behavior_s.c.o[0m
[6.441s] [ 94%] [32mBuilding C object CMakeFiles/franka_msgs__python.dir/rosidl_generator_py/franka_msgs/srv/_set_stiffness_frame_s.c.o[0m
[6.441s] [ 94%] [32mBuilding C object CMakeFiles/franka_msgs__python.dir/rosidl_generator_py/franka_msgs/srv/_set_full_collision_behavior_s.c.o[0m
[6.441s] [ 95%] [32mBuilding C object CMakeFiles/franka_msgs__python.dir/rosidl_generator_py/franka_msgs/srv/_set_load_s.c.o[0m
[6.441s] [ 95%] [32mBuilding C object CMakeFiles/franka_msgs__python.dir/rosidl_generator_py/franka_msgs/srv/_set_joint_stiffness_s.c.o[0m
[6.539s] [ 96%] [32m[1mLinking C shared library rosidl_generator_py/franka_msgs/libfranka_msgs__python.so[0m
[6.566s] [ 96%] Built target franka_msgs__python
[6.571s] [ 99%] [32mBuilding C object CMakeFiles/franka_msgs__rosidl_typesupport_fastrtps_c__pyext.dir/rosidl_generator_py/franka_msgs/_franka_msgs_s.ep.rosidl_typesupport_fastrtps_c.c.o[0m
[6.571s] [ 99%] [32mBuilding C object CMakeFiles/franka_msgs__rosidl_typesupport_c__pyext.dir/rosidl_generator_py/franka_msgs/_franka_msgs_s.ep.rosidl_typesupport_c.c.o[0m
[6.572s] [ 99%] [32mBuilding C object CMakeFiles/franka_msgs__rosidl_typesupport_introspection_c__pyext.dir/rosidl_generator_py/franka_msgs/_franka_msgs_s.ep.rosidl_typesupport_introspection_c.c.o[0m
[6.700s] [ 99%] [32m[1mLinking C shared library rosidl_generator_py/franka_msgs/franka_msgs_s__rosidl_typesupport_c.cpython-38-x86_64-linux-gnu.so[0m
[6.701s] [100%] [32m[1mLinking C shared library rosidl_generator_py/franka_msgs/franka_msgs_s__rosidl_typesupport_introspection_c.cpython-38-x86_64-linux-gnu.so[0m
[6.701s] [100%] [32m[1mLinking CXX shared library rosidl_generator_py/franka_msgs/franka_msgs_s__rosidl_typesupport_fastrtps_c.cpython-38-x86_64-linux-gnu.so[0m
[6.720s] [100%] Built target franka_msgs__rosidl_typesupport_c__pyext
[6.721s] [100%] Built target franka_msgs__rosidl_typesupport_introspection_c__pyext
[6.738s] [100%] Built target franka_msgs__rosidl_typesupport_fastrtps_c__pyext
[6.743s] Invoked command in '/home/gordon/grasp/build/franka_msgs' returned '0': CMAKE_PREFIX_PATH=/home/gordon/grasp/install/my_python_package:/opt/ros/foxy CONDA_PROMPT_MODIFIER=(grasp38) /usr/bin/cmake --build /home/gordon/grasp/build/franka_msgs -- -j20 -l20
[6.743s] Invoking command in '/home/gordon/grasp/build/franka_msgs': CMAKE_PREFIX_PATH=/home/gordon/grasp/install/my_python_package:/opt/ros/foxy CONDA_PROMPT_MODIFIER=(grasp38) /usr/bin/cmake --install /home/gordon/grasp/build/franka_msgs
[6.745s] -- Install configuration: ""
[6.745s] -- Installing: /home/gordon/grasp/install/franka_msgs/share/ament_index/resource_index/rosidl_interfaces/franka_msgs
[6.745s] -- Installing: /home/gordon/grasp/install/franka_msgs/include/franka_msgs
[6.745s] -- Installing: /home/gordon/grasp/install/franka_msgs/include/franka_msgs/msg
[6.745s] -- Installing: /home/gordon/grasp/install/franka_msgs/include/franka_msgs/msg/franka_robot_state.h
[6.745s] -- Installing: /home/gordon/grasp/install/franka_msgs/include/franka_msgs/msg/collision_indicators.h
[6.745s] -- Installing: /home/gordon/grasp/install/franka_msgs/include/franka_msgs/msg/grasp_epsilon.h
[6.745s] -- Installing: /home/gordon/grasp/install/franka_msgs/include/franka_msgs/msg/detail
[6.745s] -- Installing: /home/gordon/grasp/install/franka_msgs/include/franka_msgs/msg/detail/errors__functions.h
[6.745s] -- Installing: /home/gordon/grasp/install/franka_msgs/include/franka_msgs/msg/detail/grasp_epsilon__type_support.h
[6.745s] -- Installing: /home/gordon/grasp/install/franka_msgs/include/franka_msgs/msg/detail/grasp_epsilon__functions.h
[6.745s] -- Installing: /home/gordon/grasp/install/franka_msgs/include/franka_msgs/msg/detail/collision_indicators__functions.h
[6.745s] -- Installing: /home/gordon/grasp/install/franka_msgs/include/franka_msgs/msg/detail/franka_robot_state__functions.c
[6.745s] -- Installing: /home/gordon/grasp/install/franka_msgs/include/franka_msgs/msg/detail/errors__functions.c
[6.745s] -- Installing: /home/gordon/grasp/install/franka_msgs/include/franka_msgs/msg/detail/elbow__type_support.h
[6.745s] -- Installing: /home/gordon/grasp/install/franka_msgs/include/franka_msgs/msg/detail/elbow__functions.h
[6.745s] -- Installing: /home/gordon/grasp/install/franka_msgs/include/franka_msgs/msg/detail/collision_indicators__struct.h
[6.745s] -- Installing: /home/gordon/grasp/install/franka_msgs/include/franka_msgs/msg/detail/grasp_epsilon__functions.c
[6.745s] -- Installing: /home/gordon/grasp/install/franka_msgs/include/franka_msgs/msg/detail/elbow__struct.h
[6.746s] -- Installing: /home/gordon/grasp/install/franka_msgs/include/franka_msgs/msg/detail/errors__struct.h
[6.746s] -- Installing: /home/gordon/grasp/install/franka_msgs/include/franka_msgs/msg/detail/grasp_epsilon__struct.h
[6.746s] -- Installing: /home/gordon/grasp/install/franka_msgs/include/franka_msgs/msg/detail/franka_robot_state__type_support.h
[6.746s] -- Installing: /home/gordon/grasp/install/franka_msgs/include/franka_msgs/msg/detail/franka_robot_state__functions.h
[6.746s] -- Installing: /home/gordon/grasp/install/franka_msgs/include/franka_msgs/msg/detail/elbow__functions.c
[6.746s] -- Installing: /home/gordon/grasp/install/franka_msgs/include/franka_msgs/msg/detail/collision_indicators__functions.c
[6.746s] -- Installing: /home/gordon/grasp/install/franka_msgs/include/franka_msgs/msg/detail/collision_indicators__type_support.h
[6.746s] -- Installing: /home/gordon/grasp/install/franka_msgs/include/franka_msgs/msg/detail/franka_robot_state__struct.h
[6.746s] -- Installing: /home/gordon/grasp/install/franka_msgs/include/franka_msgs/msg/detail/errors__type_support.h
[6.746s] -- Installing: /home/gordon/grasp/install/franka_msgs/include/franka_msgs/msg/rosidl_generator_c__visibility_control.h
[6.746s] -- Installing: /home/gordon/grasp/install/franka_msgs/include/franka_msgs/msg/elbow.h
[6.746s] -- Installing: /home/gordon/grasp/install/franka_msgs/include/franka_msgs/msg/errors.h
[6.746s] -- Installing: /home/gordon/grasp/install/franka_msgs/include/franka_msgs/srv
[6.746s] -- Installing: /home/gordon/grasp/install/franka_msgs/include/franka_msgs/srv/set_stiffness_frame.h
[6.746s] -- Installing: /home/gordon/grasp/install/franka_msgs/include/franka_msgs/srv/set_force_torque_collision_behavior.h
[6.746s] -- Installing: /home/gordon/grasp/install/franka_msgs/include/franka_msgs/srv/set_cartesian_stiffness.h
[6.746s] -- Installing: /home/gordon/grasp/install/franka_msgs/include/franka_msgs/srv/set_tcp_frame.h
[6.746s] -- Installing: /home/gordon/grasp/install/franka_msgs/include/franka_msgs/srv/set_joint_stiffness.h
[6.746s] -- Installing: /home/gordon/grasp/install/franka_msgs/include/franka_msgs/srv/set_load.h
[6.746s] -- Installing: /home/gordon/grasp/install/franka_msgs/include/franka_msgs/srv/detail
[6.746s] -- Installing: /home/gordon/grasp/install/franka_msgs/include/franka_msgs/srv/detail/set_tcp_frame__struct.h
[6.746s] -- Installing: /home/gordon/grasp/install/franka_msgs/include/franka_msgs/srv/detail/set_load__type_support.h
[6.746s] -- Installing: /home/gordon/grasp/install/franka_msgs/include/franka_msgs/srv/detail/set_stiffness_frame__type_support.h
[6.746s] -- Installing: /home/gordon/grasp/install/franka_msgs/include/franka_msgs/srv/detail/set_cartesian_stiffness__type_support.h
[6.746s] -- Installing: /home/gordon/grasp/install/franka_msgs/include/franka_msgs/srv/detail/set_load__functions.h
[6.746s] -- Installing: /home/gordon/grasp/install/franka_msgs/include/franka_msgs/srv/detail/set_stiffness_frame__functions.h
[6.746s] -- Installing: /home/gordon/grasp/install/franka_msgs/include/franka_msgs/srv/detail/set_force_torque_collision_behavior__struct.h
[6.747s] -- Installing: /home/gordon/grasp/install/franka_msgs/include/franka_msgs/srv/detail/set_cartesian_stiffness__functions.h
[6.747s] -- Installing: /home/gordon/grasp/install/franka_msgs/include/franka_msgs/srv/detail/set_force_torque_collision_behavior__type_support.h
[6.747s] -- Installing: /home/gordon/grasp/install/franka_msgs/include/franka_msgs/srv/detail/set_full_collision_behavior__struct.h
[6.747s] -- Installing: /home/gordon/grasp/install/franka_msgs/include/franka_msgs/srv/detail/set_stiffness_frame__struct.h
[6.747s] -- Installing: /home/gordon/grasp/install/franka_msgs/include/franka_msgs/srv/detail/set_joint_stiffness__functions.h
[6.747s] -- Installing: /home/gordon/grasp/install/franka_msgs/include/franka_msgs/srv/detail/set_force_torque_collision_behavior__functions.c
[6.747s] -- Installing: /home/gordon/grasp/install/franka_msgs/include/franka_msgs/srv/detail/set_load__struct.h
[6.747s] -- Installing: /home/gordon/grasp/install/franka_msgs/include/franka_msgs/srv/detail/set_tcp_frame__functions.h
[6.747s] -- Installing: /home/gordon/grasp/install/franka_msgs/include/franka_msgs/srv/detail/set_cartesian_stiffness__struct.h
[6.747s] -- Installing: /home/gordon/grasp/install/franka_msgs/include/franka_msgs/srv/detail/set_joint_stiffness__type_support.h
[6.747s] -- Installing: /home/gordon/grasp/install/franka_msgs/include/franka_msgs/srv/detail/set_joint_stiffness__functions.c
[6.747s] -- Installing: /home/gordon/grasp/install/franka_msgs/include/franka_msgs/srv/detail/set_force_torque_collision_behavior__functions.h
[6.747s] -- Installing: /home/gordon/grasp/install/franka_msgs/include/franka_msgs/srv/detail/set_tcp_frame__functions.c
[6.747s] -- Installing: /home/gordon/grasp/install/franka_msgs/include/franka_msgs/srv/detail/set_tcp_frame__type_support.h
[6.747s] -- Installing: /home/gordon/grasp/install/franka_msgs/include/franka_msgs/srv/detail/set_cartesian_stiffness__functions.c
[6.747s] -- Installing: /home/gordon/grasp/install/franka_msgs/include/franka_msgs/srv/detail/set_full_collision_behavior__functions.c
[6.747s] -- Installing: /home/gordon/grasp/install/franka_msgs/include/franka_msgs/srv/detail/set_full_collision_behavior__type_support.h
[6.747s] -- Installing: /home/gordon/grasp/install/franka_msgs/include/franka_msgs/srv/detail/set_stiffness_frame__functions.c
[6.747s] -- Installing: /home/gordon/grasp/install/franka_msgs/include/franka_msgs/srv/detail/set_joint_stiffness__struct.h
[6.747s] -- Installing: /home/gordon/grasp/install/franka_msgs/include/franka_msgs/srv/detail/set_load__functions.c
[6.747s] -- Installing: /home/gordon/grasp/install/franka_msgs/include/franka_msgs/srv/detail/set_full_collision_behavior__functions.h
[6.747s] -- Installing: /home/gordon/grasp/install/franka_msgs/include/franka_msgs/srv/set_full_collision_behavior.h
[6.747s] -- Installing: /home/gordon/grasp/install/franka_msgs/include/franka_msgs/action
[6.747s] -- Installing: /home/gordon/grasp/install/franka_msgs/include/franka_msgs/action/homing.h
[6.747s] -- Installing: /home/gordon/grasp/install/franka_msgs/include/franka_msgs/action/grasp.h
[6.747s] -- Installing: /home/gordon/grasp/install/franka_msgs/include/franka_msgs/action/move.h
[6.747s] -- Installing: /home/gordon/grasp/install/franka_msgs/include/franka_msgs/action/detail
[6.748s] -- Installing: /home/gordon/grasp/install/franka_msgs/include/franka_msgs/action/detail/grasp__type_support.h
[6.748s] -- Installing: /home/gordon/grasp/install/franka_msgs/include/franka_msgs/action/detail/move__functions.h
[6.748s] -- Installing: /home/gordon/grasp/install/franka_msgs/include/franka_msgs/action/detail/error_recovery__functions.c
[6.748s] -- Installing: /home/gordon/grasp/install/franka_msgs/include/franka_msgs/action/detail/grasp__functions.c
[6.748s] -- Installing: /home/gordon/grasp/install/franka_msgs/include/franka_msgs/action/detail/move__functions.c
[6.748s] -- Installing: /home/gordon/grasp/install/franka_msgs/include/franka_msgs/action/detail/grasp__struct.h
[6.748s] -- Installing: /home/gordon/grasp/install/franka_msgs/include/franka_msgs/action/detail/move__type_support.h
[6.748s] -- Installing: /home/gordon/grasp/install/franka_msgs/include/franka_msgs/action/detail/homing__struct.h
[6.748s] -- Installing: /home/gordon/grasp/install/franka_msgs/include/franka_msgs/action/detail/error_recovery__type_support.h
[6.748s] -- Installing: /home/gordon/grasp/install/franka_msgs/include/franka_msgs/action/detail/homing__functions.c
[6.748s] -- Installing: /home/gordon/grasp/install/franka_msgs/include/franka_msgs/action/detail/grasp__functions.h
[6.748s] -- Installing: /home/gordon/grasp/install/franka_msgs/include/franka_msgs/action/detail/homing__type_support.h
[6.748s] -- Installing: /home/gordon/grasp/install/franka_msgs/include/franka_msgs/action/detail/move__struct.h
[6.748s] -- Installing: /home/gordon/grasp/install/franka_msgs/include/franka_msgs/action/detail/homing__functions.h
[6.748s] -- Installing: /home/gordon/grasp/install/franka_msgs/include/franka_msgs/action/detail/error_recovery__struct.h
[6.748s] -- Installing: /home/gordon/grasp/install/franka_msgs/include/franka_msgs/action/detail/error_recovery__functions.h
[6.748s] -- Installing: /home/gordon/grasp/install/franka_msgs/include/franka_msgs/action/error_recovery.h
[6.748s] -- Installing: /home/gordon/grasp/install/franka_msgs/share/franka_msgs/environment/library_path.sh
[6.748s] -- Installing: /home/gordon/grasp/install/franka_msgs/share/franka_msgs/environment/library_path.dsv
[6.748s] -- Installing: /home/gordon/grasp/install/franka_msgs/lib/libfranka_msgs__rosidl_generator_c.so
[6.748s] -- Set non-toolchain portion of runtime path of "/home/gordon/grasp/install/franka_msgs/lib/libfranka_msgs__rosidl_generator_c.so" to ""
[6.748s] -- Up-to-date: /home/gordon/grasp/install/franka_msgs/include/franka_msgs
[6.748s] -- Up-to-date: /home/gordon/grasp/install/franka_msgs/include/franka_msgs/msg
[6.748s] -- Installing: /home/gordon/grasp/install/franka_msgs/include/franka_msgs/msg/rosidl_typesupport_fastrtps_c__visibility_control.h
[6.748s] -- Up-to-date: /home/gordon/grasp/install/franka_msgs/include/franka_msgs/msg/detail
[6.748s] -- Installing: /home/gordon/grasp/install/franka_msgs/include/franka_msgs/msg/detail/franka_robot_state__rosidl_typesupport_fastrtps_c.h
[6.748s] -- Installing: /home/gordon/grasp/install/franka_msgs/include/franka_msgs/msg/detail/elbow__rosidl_typesupport_fastrtps_c.h
[6.748s] -- Installing: /home/gordon/grasp/install/franka_msgs/include/franka_msgs/msg/detail/collision_indicators__rosidl_typesupport_fastrtps_c.h
[6.748s] -- Installing: /home/gordon/grasp/install/franka_msgs/include/franka_msgs/msg/detail/errors__rosidl_typesupport_fastrtps_c.h
[6.748s] -- Installing: /home/gordon/grasp/install/franka_msgs/include/franka_msgs/msg/detail/grasp_epsilon__rosidl_typesupport_fastrtps_c.h
[6.748s] -- Up-to-date: /home/gordon/grasp/install/franka_msgs/include/franka_msgs/srv
[6.748s] -- Up-to-date: /home/gordon/grasp/install/franka_msgs/include/franka_msgs/srv/detail
[6.748s] -- Installing: /home/gordon/grasp/install/franka_msgs/include/franka_msgs/srv/detail/set_stiffness_frame__rosidl_typesupport_fastrtps_c.h
[6.748s] -- Installing: /home/gordon/grasp/install/franka_msgs/include/franka_msgs/srv/detail/set_joint_stiffness__rosidl_typesupport_fastrtps_c.h
[6.749s] -- Installing: /home/gordon/grasp/install/franka_msgs/include/franka_msgs/srv/detail/set_force_torque_collision_behavior__rosidl_typesupport_fastrtps_c.h
[6.749s] -- Installing: /home/gordon/grasp/install/franka_msgs/include/franka_msgs/srv/detail/set_load__rosidl_typesupport_fastrtps_c.h
[6.749s] -- Installing: /home/gordon/grasp/install/franka_msgs/include/franka_msgs/srv/detail/set_full_collision_behavior__rosidl_typesupport_fastrtps_c.h
[6.749s] -- Installing: /home/gordon/grasp/install/franka_msgs/include/franka_msgs/srv/detail/set_tcp_frame__rosidl_typesupport_fastrtps_c.h
[6.749s] -- Installing: /home/gordon/grasp/install/franka_msgs/include/franka_msgs/srv/detail/set_cartesian_stiffness__rosidl_typesupport_fastrtps_c.h
[6.749s] -- Up-to-date: /home/gordon/grasp/install/franka_msgs/include/franka_msgs/action
[6.749s] -- Up-to-date: /home/gordon/grasp/install/franka_msgs/include/franka_msgs/action/detail
[6.749s] -- Installing: /home/gordon/grasp/install/franka_msgs/include/franka_msgs/action/detail/homing__rosidl_typesupport_fastrtps_c.h
[6.749s] -- Installing: /home/gordon/grasp/install/franka_msgs/include/franka_msgs/action/detail/grasp__rosidl_typesupport_fastrtps_c.h
[6.749s] -- Installing: /home/gordon/grasp/install/franka_msgs/include/franka_msgs/action/detail/error_recovery__rosidl_typesupport_fastrtps_c.h
[6.749s] -- Installing: /home/gordon/grasp/install/franka_msgs/include/franka_msgs/action/detail/move__rosidl_typesupport_fastrtps_c.h
[6.749s] -- Installing: /home/gordon/grasp/install/franka_msgs/lib/libfranka_msgs__rosidl_typesupport_fastrtps_c.so
[6.749s] -- Set non-toolchain portion of runtime path of "/home/gordon/grasp/install/franka_msgs/lib/libfranka_msgs__rosidl_typesupport_fastrtps_c.so" to ""
[6.749s] -- Up-to-date: /home/gordon/grasp/install/franka_msgs/include/franka_msgs
[6.749s] -- Up-to-date: /home/gordon/grasp/install/franka_msgs/include/franka_msgs/msg
[6.749s] -- Installing: /home/gordon/grasp/install/franka_msgs/include/franka_msgs/msg/rosidl_typesupport_fastrtps_cpp__visibility_control.h
[6.749s] -- Up-to-date: /home/gordon/grasp/install/franka_msgs/include/franka_msgs/msg/detail
[6.749s] -- Installing: /home/gordon/grasp/install/franka_msgs/include/franka_msgs/msg/detail/dds_fastrtps
[6.749s] -- Installing: /home/gordon/grasp/install/franka_msgs/include/franka_msgs/msg/detail/errors__rosidl_typesupport_fastrtps_cpp.hpp
[6.749s] -- Installing: /home/gordon/grasp/install/franka_msgs/include/franka_msgs/msg/detail/elbow__rosidl_typesupport_fastrtps_cpp.hpp
[6.749s] -- Installing: /home/gordon/grasp/install/franka_msgs/include/franka_msgs/msg/detail/collision_indicators__rosidl_typesupport_fastrtps_cpp.hpp
[6.749s] -- Installing: /home/gordon/grasp/install/franka_msgs/include/franka_msgs/msg/detail/grasp_epsilon__rosidl_typesupport_fastrtps_cpp.hpp
[6.749s] -- Installing: /home/gordon/grasp/install/franka_msgs/include/franka_msgs/msg/detail/franka_robot_state__rosidl_typesupport_fastrtps_cpp.hpp
[6.749s] -- Up-to-date: /home/gordon/grasp/install/franka_msgs/include/franka_msgs/srv
[6.749s] -- Up-to-date: /home/gordon/grasp/install/franka_msgs/include/franka_msgs/srv/detail
[6.749s] -- Installing: /home/gordon/grasp/install/franka_msgs/include/franka_msgs/srv/detail/dds_fastrtps
[6.749s] -- Installing: /home/gordon/grasp/install/franka_msgs/include/franka_msgs/srv/detail/set_load__rosidl_typesupport_fastrtps_cpp.hpp
[6.749s] -- Installing: /home/gordon/grasp/install/franka_msgs/include/franka_msgs/srv/detail/set_tcp_frame__rosidl_typesupport_fastrtps_cpp.hpp
[6.749s] -- Installing: /home/gordon/grasp/install/franka_msgs/include/franka_msgs/srv/detail/set_force_torque_collision_behavior__rosidl_typesupport_fastrtps_cpp.hpp
[6.749s] -- Installing: /home/gordon/grasp/install/franka_msgs/include/franka_msgs/srv/detail/set_full_collision_behavior__rosidl_typesupport_fastrtps_cpp.hpp
[6.749s] -- Installing: /home/gordon/grasp/install/franka_msgs/include/franka_msgs/srv/detail/set_cartesian_stiffness__rosidl_typesupport_fastrtps_cpp.hpp
[6.749s] -- Installing: /home/gordon/grasp/install/franka_msgs/include/franka_msgs/srv/detail/set_stiffness_frame__rosidl_typesupport_fastrtps_cpp.hpp
[6.749s] -- Installing: /home/gordon/grasp/install/franka_msgs/include/franka_msgs/srv/detail/set_joint_stiffness__rosidl_typesupport_fastrtps_cpp.hpp
[6.749s] -- Up-to-date: /home/gordon/grasp/install/franka_msgs/include/franka_msgs/action
[6.749s] -- Up-to-date: /home/gordon/grasp/install/franka_msgs/include/franka_msgs/action/detail
[6.750s] -- Installing: /home/gordon/grasp/install/franka_msgs/include/franka_msgs/action/detail/dds_fastrtps
[6.750s] -- Installing: /home/gordon/grasp/install/franka_msgs/include/franka_msgs/action/detail/error_recovery__rosidl_typesupport_fastrtps_cpp.hpp
[6.750s] -- Installing: /home/gordon/grasp/install/franka_msgs/include/franka_msgs/action/detail/homing__rosidl_typesupport_fastrtps_cpp.hpp
[6.750s] -- Installing: /home/gordon/grasp/install/franka_msgs/include/franka_msgs/action/detail/grasp__rosidl_typesupport_fastrtps_cpp.hpp
[6.750s] -- Installing: /home/gordon/grasp/install/franka_msgs/include/franka_msgs/action/detail/move__rosidl_typesupport_fastrtps_cpp.hpp
[6.750s] -- Installing: /home/gordon/grasp/install/franka_msgs/lib/libfranka_msgs__rosidl_typesupport_fastrtps_cpp.so
[6.750s] -- Set non-toolchain portion of runtime path of "/home/gordon/grasp/install/franka_msgs/lib/libfranka_msgs__rosidl_typesupport_fastrtps_cpp.so" to ""
[6.750s] -- Up-to-date: /home/gordon/grasp/install/franka_msgs/include/franka_msgs
[6.750s] -- Up-to-date: /home/gordon/grasp/install/franka_msgs/include/franka_msgs/msg
[6.750s] -- Up-to-date: /home/gordon/grasp/install/franka_msgs/include/franka_msgs/msg/detail
[6.750s] -- Installing: /home/gordon/grasp/install/franka_msgs/include/franka_msgs/msg/detail/elbow__type_support.c
[6.750s] -- Installing: /home/gordon/grasp/install/franka_msgs/include/franka_msgs/msg/detail/franka_robot_state__type_support.c
[6.750s] -- Installing: /home/gordon/grasp/install/franka_msgs/include/franka_msgs/msg/detail/collision_indicators__type_support.c
[6.750s] -- Installing: /home/gordon/grasp/install/franka_msgs/include/franka_msgs/msg/detail/elbow__rosidl_typesupport_introspection_c.h
[6.750s] -- Installing: /home/gordon/grasp/install/franka_msgs/include/franka_msgs/msg/detail/grasp_epsilon__rosidl_typesupport_introspection_c.h
[6.750s] -- Installing: /home/gordon/grasp/install/franka_msgs/include/franka_msgs/msg/detail/franka_robot_state__rosidl_typesupport_introspection_c.h
[6.750s] -- Installing: /home/gordon/grasp/install/franka_msgs/include/franka_msgs/msg/detail/errors__rosidl_typesupport_introspection_c.h
[6.750s] -- Installing: /home/gordon/grasp/install/franka_msgs/include/franka_msgs/msg/detail/grasp_epsilon__type_support.c
[6.750s] -- Installing: /home/gordon/grasp/install/franka_msgs/include/franka_msgs/msg/detail/collision_indicators__rosidl_typesupport_introspection_c.h
[6.750s] -- Installing: /home/gordon/grasp/install/franka_msgs/include/franka_msgs/msg/detail/errors__type_support.c
[6.750s] -- Installing: /home/gordon/grasp/install/franka_msgs/include/franka_msgs/msg/rosidl_typesupport_introspection_c__visibility_control.h
[6.750s] -- Up-to-date: /home/gordon/grasp/install/franka_msgs/include/franka_msgs/srv
[6.750s] -- Up-to-date: /home/gordon/grasp/install/franka_msgs/include/franka_msgs/srv/detail
[6.750s] -- Installing: /home/gordon/grasp/install/franka_msgs/include/franka_msgs/srv/detail/set_force_torque_collision_behavior__type_support.c
[6.750s] -- Installing: /home/gordon/grasp/install/franka_msgs/include/franka_msgs/srv/detail/set_full_collision_behavior__type_support.c
[6.750s] -- Installing: /home/gordon/grasp/install/franka_msgs/include/franka_msgs/srv/detail/set_load__type_support.c
[6.750s] -- Installing: /home/gordon/grasp/install/franka_msgs/include/franka_msgs/srv/detail/set_tcp_frame__rosidl_typesupport_introspection_c.h
[6.750s] -- Installing: /home/gordon/grasp/install/franka_msgs/include/franka_msgs/srv/detail/set_joint_stiffness__rosidl_typesupport_introspection_c.h
[6.750s] -- Installing: /home/gordon/grasp/install/franka_msgs/include/franka_msgs/srv/detail/set_load__rosidl_typesupport_introspection_c.h
[6.750s] -- Installing: /home/gordon/grasp/install/franka_msgs/include/franka_msgs/srv/detail/set_stiffness_frame__rosidl_typesupport_introspection_c.h
[6.750s] -- Installing: /home/gordon/grasp/install/franka_msgs/include/franka_msgs/srv/detail/set_tcp_frame__type_support.c
[6.751s] -- Installing: /home/gordon/grasp/install/franka_msgs/include/franka_msgs/srv/detail/set_joint_stiffness__type_support.c
[6.751s] -- Installing: /home/gordon/grasp/install/franka_msgs/include/franka_msgs/srv/detail/set_stiffness_frame__type_support.c
[6.751s] -- Installing: /home/gordon/grasp/install/franka_msgs/include/franka_msgs/srv/detail/set_cartesian_stiffness__type_support.c
[6.751s] -- Installing: /home/gordon/grasp/install/franka_msgs/include/franka_msgs/srv/detail/set_full_collision_behavior__rosidl_typesupport_introspection_c.h
[6.751s] -- Installing: /home/gordon/grasp/install/franka_msgs/include/franka_msgs/srv/detail/set_force_torque_collision_behavior__rosidl_typesupport_introspection_c.h
[6.751s] -- Installing: /home/gordon/grasp/install/franka_msgs/include/franka_msgs/srv/detail/set_cartesian_stiffness__rosidl_typesupport_introspection_c.h
[6.751s] -- Up-to-date: /home/gordon/grasp/install/franka_msgs/include/franka_msgs/action
[6.751s] -- Up-to-date: /home/gordon/grasp/install/franka_msgs/include/franka_msgs/action/detail
[6.751s] -- Installing: /home/gordon/grasp/install/franka_msgs/include/franka_msgs/action/detail/error_recovery__rosidl_typesupport_introspection_c.h
[6.751s] -- Installing: /home/gordon/grasp/install/franka_msgs/include/franka_msgs/action/detail/homing__type_support.c
[6.751s] -- Installing: /home/gordon/grasp/install/franka_msgs/include/franka_msgs/action/detail/homing__rosidl_typesupport_introspection_c.h
[6.751s] -- Installing: /home/gordon/grasp/install/franka_msgs/include/franka_msgs/action/detail/move__type_support.c
[6.751s] -- Installing: /home/gordon/grasp/install/franka_msgs/include/franka_msgs/action/detail/error_recovery__type_support.c
[6.751s] -- Installing: /home/gordon/grasp/install/franka_msgs/include/franka_msgs/action/detail/grasp__rosidl_typesupport_introspection_c.h
[6.751s] -- Installing: /home/gordon/grasp/install/franka_msgs/include/franka_msgs/action/detail/grasp__type_support.c
[6.751s] -- Installing: /home/gordon/grasp/install/franka_msgs/include/franka_msgs/action/detail/move__rosidl_typesupport_introspection_c.h
[6.751s] -- Installing: /home/gordon/grasp/install/franka_msgs/lib/libfranka_msgs__rosidl_typesupport_introspection_c.so
[6.751s] -- Set non-toolchain portion of runtime path of "/home/gordon/grasp/install/franka_msgs/lib/libfranka_msgs__rosidl_typesupport_introspection_c.so" to ""
[6.751s] -- Installing: /home/gordon/grasp/install/franka_msgs/lib/libfranka_msgs__rosidl_typesupport_c.so
[6.751s] -- Set non-toolchain portion of runtime path of "/home/gordon/grasp/install/franka_msgs/lib/libfranka_msgs__rosidl_typesupport_c.so" to ""
[6.751s] -- Up-to-date: /home/gordon/grasp/install/franka_msgs/include/franka_msgs
[6.751s] -- Up-to-date: /home/gordon/grasp/install/franka_msgs/include/franka_msgs/msg
[6.751s] -- Installing: /home/gordon/grasp/install/franka_msgs/include/franka_msgs/msg/elbow.hpp
[6.751s] -- Installing: /home/gordon/grasp/install/franka_msgs/include/franka_msgs/msg/collision_indicators.hpp
[6.751s] -- Installing: /home/gordon/grasp/install/franka_msgs/include/franka_msgs/msg/errors.hpp
[6.751s] -- Installing: /home/gordon/grasp/install/franka_msgs/include/franka_msgs/msg/franka_robot_state.hpp
[6.751s] -- Up-to-date: /home/gordon/grasp/install/franka_msgs/include/franka_msgs/msg/detail
[6.751s] -- Installing: /home/gordon/grasp/install/franka_msgs/include/franka_msgs/msg/detail/franka_robot_state__struct.hpp
[6.751s] -- Installing: /home/gordon/grasp/install/franka_msgs/include/franka_msgs/msg/detail/collision_indicators__builder.hpp
[6.752s] -- Installing: /home/gordon/grasp/install/franka_msgs/include/franka_msgs/msg/detail/franka_robot_state__traits.hpp
[6.752s] -- Installing: /home/gordon/grasp/install/franka_msgs/include/franka_msgs/msg/detail/franka_robot_state__type_support.hpp
[6.752s] -- Installing: /home/gordon/grasp/install/franka_msgs/include/franka_msgs/msg/detail/collision_indicators__type_support.hpp
[6.752s] -- Installing: /home/gordon/grasp/install/franka_msgs/include/franka_msgs/msg/detail/collision_indicators__struct.hpp
[6.752s] -- Installing: /home/gordon/grasp/install/franka_msgs/include/franka_msgs/msg/detail/grasp_epsilon__struct.hpp
[6.752s] -- Installing: /home/gordon/grasp/install/franka_msgs/include/franka_msgs/msg/detail/elbow__traits.hpp
[6.752s] -- Installing: /home/gordon/grasp/install/franka_msgs/include/franka_msgs/msg/detail/errors__traits.hpp
[6.752s] -- Installing: /home/gordon/grasp/install/franka_msgs/include/franka_msgs/msg/detail/errors__type_support.hpp
[6.752s] -- Installing: /home/gordon/grasp/install/franka_msgs/include/franka_msgs/msg/detail/grasp_epsilon__builder.hpp
[6.752s] -- Installing: /home/gordon/grasp/install/franka_msgs/include/franka_msgs/msg/detail/collision_indicators__traits.hpp
[6.752s] -- Installing: /home/gordon/grasp/install/franka_msgs/include/franka_msgs/msg/detail/elbow__builder.hpp
[6.752s] -- Installing: /home/gordon/grasp/install/franka_msgs/include/franka_msgs/msg/detail/grasp_epsilon__traits.hpp
[6.752s] -- Installing: /home/gordon/grasp/install/franka_msgs/include/franka_msgs/msg/detail/franka_robot_state__builder.hpp
[6.752s] -- Installing: /home/gordon/grasp/install/franka_msgs/include/franka_msgs/msg/detail/elbow__type_support.hpp
[6.752s] -- Installing: /home/gordon/grasp/install/franka_msgs/include/franka_msgs/msg/detail/grasp_epsilon__type_support.hpp
[6.752s] -- Installing: /home/gordon/grasp/install/franka_msgs/include/franka_msgs/msg/detail/errors__struct.hpp
[6.752s] -- Installing: /home/gordon/grasp/install/franka_msgs/include/franka_msgs/msg/detail/errors__builder.hpp
[6.752s] -- Installing: /home/gordon/grasp/install/franka_msgs/include/franka_msgs/msg/detail/elbow__struct.hpp
[6.752s] -- Installing: /home/gordon/grasp/install/franka_msgs/include/franka_msgs/msg/rosidl_generator_cpp__visibility_control.hpp
[6.752s] -- Installing: /home/gordon/grasp/install/franka_msgs/include/franka_msgs/msg/grasp_epsilon.hpp
[6.752s] -- Up-to-date: /home/gordon/grasp/install/franka_msgs/include/franka_msgs/srv
[6.752s] -- Installing: /home/gordon/grasp/install/franka_msgs/include/franka_msgs/srv/set_cartesian_stiffness.hpp
[6.752s] -- Installing: /home/gordon/grasp/install/franka_msgs/include/franka_msgs/srv/set_tcp_frame.hpp
[6.752s] -- Installing: /home/gordon/grasp/install/franka_msgs/include/franka_msgs/srv/set_full_collision_behavior.hpp
[6.752s] -- Installing: /home/gordon/grasp/install/franka_msgs/include/franka_msgs/srv/set_stiffness_frame.hpp
[6.752s] -- Up-to-date: /home/gordon/grasp/install/franka_msgs/include/franka_msgs/srv/detail
[6.752s] -- Installing: /home/gordon/grasp/install/franka_msgs/include/franka_msgs/srv/detail/set_stiffness_frame__type_support.hpp
[6.752s] -- Installing: /home/gordon/grasp/install/franka_msgs/include/franka_msgs/srv/detail/set_cartesian_stiffness__struct.hpp
[6.752s] -- Installing: /home/gordon/grasp/install/franka_msgs/include/franka_msgs/srv/detail/set_load__traits.hpp
[6.752s] -- Installing: /home/gordon/grasp/install/franka_msgs/include/franka_msgs/srv/detail/set_cartesian_stiffness__builder.hpp
[6.752s] -- Installing: /home/gordon/grasp/install/franka_msgs/include/franka_msgs/srv/detail/set_full_collision_behavior__builder.hpp
[6.752s] -- Installing: /home/gordon/grasp/install/franka_msgs/include/franka_msgs/srv/detail/set_tcp_frame__builder.hpp
[6.752s] -- Installing: /home/gordon/grasp/install/franka_msgs/include/franka_msgs/srv/detail/set_stiffness_frame__builder.hpp
[6.753s] -- Installing: /home/gordon/grasp/install/franka_msgs/include/franka_msgs/srv/detail/set_load__struct.hpp
[6.753s] -- Installing: /home/gordon/grasp/install/franka_msgs/include/franka_msgs/srv/detail/set_full_collision_behavior__type_support.hpp
[6.753s] -- Installing: /home/gordon/grasp/install/franka_msgs/include/franka_msgs/srv/detail/set_joint_stiffness__struct.hpp
[6.753s] -- Installing: /home/gordon/grasp/install/franka_msgs/include/franka_msgs/srv/detail/set_stiffness_frame__traits.hpp
[6.753s] -- Installing: /home/gordon/grasp/install/franka_msgs/include/franka_msgs/srv/detail/set_force_torque_collision_behavior__traits.hpp
[6.753s] -- Installing: /home/gordon/grasp/install/franka_msgs/include/franka_msgs/srv/detail/set_joint_stiffness__type_support.hpp
[6.753s] -- Installing: /home/gordon/grasp/install/franka_msgs/include/franka_msgs/srv/detail/set_force_torque_collision_behavior__type_support.hpp
[6.753s] -- Installing: /home/gordon/grasp/install/franka_msgs/include/franka_msgs/srv/detail/set_joint_stiffness__traits.hpp
[6.753s] -- Installing: /home/gordon/grasp/install/franka_msgs/include/franka_msgs/srv/detail/set_force_torque_collision_behavior__struct.hpp
[6.753s] -- Installing: /home/gordon/grasp/install/franka_msgs/include/franka_msgs/srv/detail/set_tcp_frame__traits.hpp
[6.753s] -- Installing: /home/gordon/grasp/install/franka_msgs/include/franka_msgs/srv/detail/set_cartesian_stiffness__traits.hpp
[6.753s] -- Installing: /home/gordon/grasp/install/franka_msgs/include/franka_msgs/srv/detail/set_load__builder.hpp
[6.753s] -- Installing: /home/gordon/grasp/install/franka_msgs/include/franka_msgs/srv/detail/set_load__type_support.hpp
[6.753s] -- Installing: /home/gordon/grasp/install/franka_msgs/include/franka_msgs/srv/detail/set_cartesian_stiffness__type_support.hpp
[6.753s] -- Installing: /home/gordon/grasp/install/franka_msgs/include/franka_msgs/srv/detail/set_joint_stiffness__builder.hpp
[6.753s] -- Installing: /home/gordon/grasp/install/franka_msgs/include/franka_msgs/srv/detail/set_full_collision_behavior__traits.hpp
[6.753s] -- Installing: /home/gordon/grasp/install/franka_msgs/include/franka_msgs/srv/detail/set_tcp_frame__type_support.hpp
[6.753s] -- Installing: /home/gordon/grasp/install/franka_msgs/include/franka_msgs/srv/detail/set_stiffness_frame__struct.hpp
[6.753s] -- Installing: /home/gordon/grasp/install/franka_msgs/include/franka_msgs/srv/detail/set_force_torque_collision_behavior__builder.hpp
[6.753s] -- Installing: /home/gordon/grasp/install/franka_msgs/include/franka_msgs/srv/detail/set_full_collision_behavior__struct.hpp
[6.753s] -- Installing: /home/gordon/grasp/install/franka_msgs/include/franka_msgs/srv/detail/set_tcp_frame__struct.hpp
[6.753s] -- Installing: /home/gordon/grasp/install/franka_msgs/include/franka_msgs/srv/set_joint_stiffness.hpp
[6.753s] -- Installing: /home/gordon/grasp/install/franka_msgs/include/franka_msgs/srv/set_force_torque_collision_behavior.hpp
[6.753s] -- Installing: /home/gordon/grasp/install/franka_msgs/include/franka_msgs/srv/set_load.hpp
[6.753s] -- Up-to-date: /home/gordon/grasp/install/franka_msgs/include/franka_msgs/action
[6.753s] -- Installing: /home/gordon/grasp/install/franka_msgs/include/franka_msgs/action/homing.hpp
[6.753s] -- Installing: /home/gordon/grasp/install/franka_msgs/include/franka_msgs/action/move.hpp
[6.753s] -- Installing: /home/gordon/grasp/install/franka_msgs/include/franka_msgs/action/grasp.hpp
[6.753s] -- Up-to-date: /home/gordon/grasp/install/franka_msgs/include/franka_msgs/action/detail
[6.753s] -- Installing: /home/gordon/grasp/install/franka_msgs/include/franka_msgs/action/detail/error_recovery__builder.hpp
[6.753s] -- Installing: /home/gordon/grasp/install/franka_msgs/include/franka_msgs/action/detail/homing__traits.hpp
[6.753s] -- Installing: /home/gordon/grasp/install/franka_msgs/include/franka_msgs/action/detail/homing__builder.hpp
[6.754s] -- Installing: /home/gordon/grasp/install/franka_msgs/include/franka_msgs/action/detail/grasp__builder.hpp
[6.754s] -- Installing: /home/gordon/grasp/install/franka_msgs/include/franka_msgs/action/detail/move__builder.hpp
[6.754s] -- Installing: /home/gordon/grasp/install/franka_msgs/include/franka_msgs/action/detail/move__traits.hpp
[6.754s] -- Installing: /home/gordon/grasp/install/franka_msgs/include/franka_msgs/action/detail/move__struct.hpp
[6.754s] -- Installing: /home/gordon/grasp/install/franka_msgs/include/franka_msgs/action/detail/grasp__struct.hpp
[6.754s] -- Installing: /home/gordon/grasp/install/franka_msgs/include/franka_msgs/action/detail/grasp__type_support.hpp
[6.754s] -- Installing: /home/gordon/grasp/install/franka_msgs/include/franka_msgs/action/detail/homing__struct.hpp
[6.754s] -- Installing: /home/gordon/grasp/install/franka_msgs/include/franka_msgs/action/detail/error_recovery__type_support.hpp
[6.754s] -- Installing: /home/gordon/grasp/install/franka_msgs/include/franka_msgs/action/detail/grasp__traits.hpp
[6.754s] -- Installing: /home/gordon/grasp/install/franka_msgs/include/franka_msgs/action/detail/homing__type_support.hpp
[6.754s] -- Installing: /home/gordon/grasp/install/franka_msgs/include/franka_msgs/action/detail/error_recovery__traits.hpp
[6.754s] -- Installing: /home/gordon/grasp/install/franka_msgs/include/franka_msgs/action/detail/error_recovery__struct.hpp
[6.754s] -- Installing: /home/gordon/grasp/install/franka_msgs/include/franka_msgs/action/detail/move__type_support.hpp
[6.754s] -- Installing: /home/gordon/grasp/install/franka_msgs/include/franka_msgs/action/error_recovery.hpp
[6.754s] -- Up-to-date: /home/gordon/grasp/install/franka_msgs/include/franka_msgs
[6.754s] -- Up-to-date: /home/gordon/grasp/install/franka_msgs/include/franka_msgs/msg
[6.754s] -- Up-to-date: /home/gordon/grasp/install/franka_msgs/include/franka_msgs/msg/detail
[6.754s] -- Installing: /home/gordon/grasp/install/franka_msgs/include/franka_msgs/msg/detail/collision_indicators__rosidl_typesupport_introspection_cpp.hpp
[6.754s] -- Installing: /home/gordon/grasp/install/franka_msgs/include/franka_msgs/msg/detail/collision_indicators__type_support.cpp
[6.754s] -- Installing: /home/gordon/grasp/install/franka_msgs/include/franka_msgs/msg/detail/franka_robot_state__type_support.cpp
[6.754s] -- Installing: /home/gordon/grasp/install/franka_msgs/include/franka_msgs/msg/detail/franka_robot_state__rosidl_typesupport_introspection_cpp.hpp
[6.754s] -- Installing: /home/gordon/grasp/install/franka_msgs/include/franka_msgs/msg/detail/grasp_epsilon__type_support.cpp
[6.754s] -- Installing: /home/gordon/grasp/install/franka_msgs/include/franka_msgs/msg/detail/grasp_epsilon__rosidl_typesupport_introspection_cpp.hpp
[6.754s] -- Installing: /home/gordon/grasp/install/franka_msgs/include/franka_msgs/msg/detail/errors__rosidl_typesupport_introspection_cpp.hpp
[6.754s] -- Installing: /home/gordon/grasp/install/franka_msgs/include/franka_msgs/msg/detail/elbow__type_support.cpp
[6.754s] -- Installing: /home/gordon/grasp/install/franka_msgs/include/franka_msgs/msg/detail/errors__type_support.cpp
[6.754s] -- Installing: /home/gordon/grasp/install/franka_msgs/include/franka_msgs/msg/detail/elbow__rosidl_typesupport_introspection_cpp.hpp
[6.754s] -- Up-to-date: /home/gordon/grasp/install/franka_msgs/include/franka_msgs/srv
[6.754s] -- Up-to-date: /home/gordon/grasp/install/franka_msgs/include/franka_msgs/srv/detail
[6.754s] -- Installing: /home/gordon/grasp/install/franka_msgs/include/franka_msgs/srv/detail/set_cartesian_stiffness__type_support.cpp
[6.754s] -- Installing: /home/gordon/grasp/install/franka_msgs/include/franka_msgs/srv/detail/set_load__rosidl_typesupport_introspection_cpp.hpp
[6.754s] -- Installing: /home/gordon/grasp/install/franka_msgs/include/franka_msgs/srv/detail/set_tcp_frame__type_support.cpp
[6.754s] -- Installing: /home/gordon/grasp/install/franka_msgs/include/franka_msgs/srv/detail/set_joint_stiffness__type_support.cpp
[6.754s] -- Installing: /home/gordon/grasp/install/franka_msgs/include/franka_msgs/srv/detail/set_full_collision_behavior__type_support.cpp
[6.755s] -- Installing: /home/gordon/grasp/install/franka_msgs/include/franka_msgs/srv/detail/set_stiffness_frame__rosidl_typesupport_introspection_cpp.hpp
[6.755s] -- Installing: /home/gordon/grasp/install/franka_msgs/include/franka_msgs/srv/detail/set_full_collision_behavior__rosidl_typesupport_introspection_cpp.hpp
[6.755s] -- Installing: /home/gordon/grasp/install/franka_msgs/include/franka_msgs/srv/detail/set_tcp_frame__rosidl_typesupport_introspection_cpp.hpp
[6.755s] -- Installing: /home/gordon/grasp/install/franka_msgs/include/franka_msgs/srv/detail/set_load__type_support.cpp
[6.755s] -- Installing: /home/gordon/grasp/install/franka_msgs/include/franka_msgs/srv/detail/set_joint_stiffness__rosidl_typesupport_introspection_cpp.hpp
[6.755s] -- Installing: /home/gordon/grasp/install/franka_msgs/include/franka_msgs/srv/detail/set_stiffness_frame__type_support.cpp
[6.755s] -- Installing: /home/gordon/grasp/install/franka_msgs/include/franka_msgs/srv/detail/set_force_torque_collision_behavior__rosidl_typesupport_introspection_cpp.hpp
[6.755s] -- Installing: /home/gordon/grasp/install/franka_msgs/include/franka_msgs/srv/detail/set_force_torque_collision_behavior__type_support.cpp
[6.755s] -- Installing: /home/gordon/grasp/install/franka_msgs/include/franka_msgs/srv/detail/set_cartesian_stiffness__rosidl_typesupport_introspection_cpp.hpp
[6.755s] -- Up-to-date: /home/gordon/grasp/install/franka_msgs/include/franka_msgs/action
[6.755s] -- Up-to-date: /home/gordon/grasp/install/franka_msgs/include/franka_msgs/action/detail
[6.755s] -- Installing: /home/gordon/grasp/install/franka_msgs/include/franka_msgs/action/detail/error_recovery__rosidl_typesupport_introspection_cpp.hpp
[6.755s] -- Installing: /home/gordon/grasp/install/franka_msgs/include/franka_msgs/action/detail/homing__type_support.cpp
[6.755s] -- Installing: /home/gordon/grasp/install/franka_msgs/include/franka_msgs/action/detail/move__type_support.cpp
[6.755s] -- Installing: /home/gordon/grasp/install/franka_msgs/include/franka_msgs/action/detail/grasp__rosidl_typesupport_introspection_cpp.hpp
[6.755s] -- Installing: /home/gordon/grasp/install/franka_msgs/include/franka_msgs/action/detail/move__rosidl_typesupport_introspection_cpp.hpp
[6.755s] -- Installing: /home/gordon/grasp/install/franka_msgs/include/franka_msgs/action/detail/homing__rosidl_typesupport_introspection_cpp.hpp
[6.755s] -- Installing: /home/gordon/grasp/install/franka_msgs/include/franka_msgs/action/detail/grasp__type_support.cpp
[6.755s] -- Installing: /home/gordon/grasp/install/franka_msgs/include/franka_msgs/action/detail/error_recovery__type_support.cpp
[6.755s] -- Installing: /home/gordon/grasp/install/franka_msgs/lib/libfranka_msgs__rosidl_typesupport_introspection_cpp.so
[6.755s] -- Set non-toolchain portion of runtime path of "/home/gordon/grasp/install/franka_msgs/lib/libfranka_msgs__rosidl_typesupport_introspection_cpp.so" to ""
[6.755s] -- Installing: /home/gordon/grasp/install/franka_msgs/lib/libfranka_msgs__rosidl_typesupport_cpp.so
[6.756s] -- Set non-toolchain portion of runtime path of "/home/gordon/grasp/install/franka_msgs/lib/libfranka_msgs__rosidl_typesupport_cpp.so" to ""
[6.756s] -- Installing: /home/gordon/grasp/install/franka_msgs/share/franka_msgs/environment/pythonpath.sh
[6.756s] -- Installing: /home/gordon/grasp/install/franka_msgs/share/franka_msgs/environment/pythonpath.dsv
[6.756s] -- Installing: /home/gordon/grasp/install/franka_msgs/lib/python3.8/site-packages/franka_msgs/__init__.py
[6.771s] Compiling '/home/gordon/grasp/install/franka_msgs/lib/python3.8/site-packages/franka_msgs/__init__.py'...
[6.773s] -- Installing: /home/gordon/grasp/install/franka_msgs/lib/python3.8/site-packages/franka_msgs/action
[6.773s] -- Installing: /home/gordon/grasp/install/franka_msgs/lib/python3.8/site-packages/franka_msgs/action/__init__.py
[6.773s] -- Installing: /home/gordon/grasp/install/franka_msgs/lib/python3.8/site-packages/franka_msgs/action/_move_s.c
[6.773s] -- Installing: /home/gordon/grasp/install/franka_msgs/lib/python3.8/site-packages/franka_msgs/action/_grasp_s.c
[6.773s] -- Installing: /home/gordon/grasp/install/franka_msgs/lib/python3.8/site-packages/franka_msgs/action/_error_recovery.py
[6.773s] -- Installing: /home/gordon/grasp/install/franka_msgs/lib/python3.8/site-packages/franka_msgs/action/_homing.py
[6.773s] -- Installing: /home/gordon/grasp/install/franka_msgs/lib/python3.8/site-packages/franka_msgs/action/_homing_s.c
[6.773s] -- Installing: /home/gordon/grasp/install/franka_msgs/lib/python3.8/site-packages/franka_msgs/action/_error_recovery_s.c
[6.773s] -- Installing: /home/gordon/grasp/install/franka_msgs/lib/python3.8/site-packages/franka_msgs/action/_move.py
[6.773s] -- Installing: /home/gordon/grasp/install/franka_msgs/lib/python3.8/site-packages/franka_msgs/action/_grasp.py
[6.773s] -- Installing: /home/gordon/grasp/install/franka_msgs/lib/python3.8/site-packages/franka_msgs/msg
[6.773s] -- Installing: /home/gordon/grasp/install/franka_msgs/lib/python3.8/site-packages/franka_msgs/msg/_franka_robot_state.py
[6.773s] -- Installing: /home/gordon/grasp/install/franka_msgs/lib/python3.8/site-packages/franka_msgs/msg/_franka_robot_state_s.c
[6.773s] -- Installing: /home/gordon/grasp/install/franka_msgs/lib/python3.8/site-packages/franka_msgs/msg/__init__.py
[6.773s] -- Installing: /home/gordon/grasp/install/franka_msgs/lib/python3.8/site-packages/franka_msgs/msg/_errors_s.c
[6.773s] -- Installing: /home/gordon/grasp/install/franka_msgs/lib/python3.8/site-packages/franka_msgs/msg/_collision_indicators.py
[6.773s] -- Installing: /home/gordon/grasp/install/franka_msgs/lib/python3.8/site-packages/franka_msgs/msg/_elbow.py
[6.774s] -- Installing: /home/gordon/grasp/install/franka_msgs/lib/python3.8/site-packages/franka_msgs/msg/_collision_indicators_s.c
[6.774s] -- Installing: /home/gordon/grasp/install/franka_msgs/lib/python3.8/site-packages/franka_msgs/msg/_grasp_epsilon_s.c
[6.774s] -- Installing: /home/gordon/grasp/install/franka_msgs/lib/python3.8/site-packages/franka_msgs/msg/_elbow_s.c
[6.774s] -- Installing: /home/gordon/grasp/install/franka_msgs/lib/python3.8/site-packages/franka_msgs/msg/_grasp_epsilon.py
[6.774s] -- Installing: /home/gordon/grasp/install/franka_msgs/lib/python3.8/site-packages/franka_msgs/msg/_errors.py
[6.774s] -- Installing: /home/gordon/grasp/install/franka_msgs/lib/python3.8/site-packages/franka_msgs/srv
[6.774s] -- Installing: /home/gordon/grasp/install/franka_msgs/lib/python3.8/site-packages/franka_msgs/srv/_set_stiffness_frame.py
[6.774s] -- Installing: /home/gordon/grasp/install/franka_msgs/lib/python3.8/site-packages/franka_msgs/srv/__init__.py
[6.774s] -- Installing: /home/gordon/grasp/install/franka_msgs/lib/python3.8/site-packages/franka_msgs/srv/_set_joint_stiffness.py
[6.774s] -- Installing: /home/gordon/grasp/install/franka_msgs/lib/python3.8/site-packages/franka_msgs/srv/_set_tcp_frame_s.c
[6.774s] -- Installing: /home/gordon/grasp/install/franka_msgs/lib/python3.8/site-packages/franka_msgs/srv/_set_load.py
[6.774s] -- Installing: /home/gordon/grasp/install/franka_msgs/lib/python3.8/site-packages/franka_msgs/srv/_set_force_torque_collision_behavior_s.c
[6.774s] -- Installing: /home/gordon/grasp/install/franka_msgs/lib/python3.8/site-packages/franka_msgs/srv/_set_force_torque_collision_behavior.py
[6.774s] -- Installing: /home/gordon/grasp/install/franka_msgs/lib/python3.8/site-packages/franka_msgs/srv/_set_load_s.c
[6.774s] -- Installing: /home/gordon/grasp/install/franka_msgs/lib/python3.8/site-packages/franka_msgs/srv/_set_tcp_frame.py
[6.774s] -- Installing: /home/gordon/grasp/install/franka_msgs/lib/python3.8/site-packages/franka_msgs/srv/_set_stiffness_frame_s.c
[6.774s] -- Installing: /home/gordon/grasp/install/franka_msgs/lib/python3.8/site-packages/franka_msgs/srv/_set_full_collision_behavior_s.c
[6.774s] -- Installing: /home/gordon/grasp/install/franka_msgs/lib/python3.8/site-packages/franka_msgs/srv/_set_cartesian_stiffness.py
[6.774s] -- Installing: /home/gordon/grasp/install/franka_msgs/lib/python3.8/site-packages/franka_msgs/srv/_set_joint_stiffness_s.c
[6.774s] -- Installing: /home/gordon/grasp/install/franka_msgs/lib/python3.8/site-packages/franka_msgs/srv/_set_full_collision_behavior.py
[6.774s] -- Installing: /home/gordon/grasp/install/franka_msgs/lib/python3.8/site-packages/franka_msgs/srv/_set_cartesian_stiffness_s.c
[6.774s] -- Installing: /home/gordon/grasp/install/franka_msgs/lib/python3.8/site-packages/franka_msgs/franka_msgs_s__rosidl_typesupport_fastrtps_c.cpython-38-x86_64-linux-gnu.so
[6.774s] -- Set non-toolchain portion of runtime path of "/home/gordon/grasp/install/franka_msgs/lib/python3.8/site-packages/franka_msgs/franka_msgs_s__rosidl_typesupport_fastrtps_c.cpython-38-x86_64-linux-gnu.so" to ""
[6.775s] -- Installing: /home/gordon/grasp/install/franka_msgs/lib/python3.8/site-packages/franka_msgs/franka_msgs_s__rosidl_typesupport_introspection_c.cpython-38-x86_64-linux-gnu.so
[6.775s] -- Set non-toolchain portion of runtime path of "/home/gordon/grasp/install/franka_msgs/lib/python3.8/site-packages/franka_msgs/franka_msgs_s__rosidl_typesupport_introspection_c.cpython-38-x86_64-linux-gnu.so" to ""
[6.775s] -- Installing: /home/gordon/grasp/install/franka_msgs/lib/python3.8/site-packages/franka_msgs/franka_msgs_s__rosidl_typesupport_c.cpython-38-x86_64-linux-gnu.so
[6.775s] -- Set non-toolchain portion of runtime path of "/home/gordon/grasp/install/franka_msgs/lib/python3.8/site-packages/franka_msgs/franka_msgs_s__rosidl_typesupport_c.cpython-38-x86_64-linux-gnu.so" to ""
[6.775s] -- Installing: /home/gordon/grasp/install/franka_msgs/lib/libfranka_msgs__python.so
[6.775s] -- Set non-toolchain portion of runtime path of "/home/gordon/grasp/install/franka_msgs/lib/libfranka_msgs__python.so" to ""
[6.775s] -- Installing: /home/gordon/grasp/install/franka_msgs/share/franka_msgs/action/ErrorRecovery.idl
[6.775s] -- Installing: /home/gordon/grasp/install/franka_msgs/share/franka_msgs/action/Grasp.idl
[6.775s] -- Installing: /home/gordon/grasp/install/franka_msgs/share/franka_msgs/action/Homing.idl
[6.775s] -- Installing: /home/gordon/grasp/install/franka_msgs/share/franka_msgs/action/Move.idl
[6.775s] -- Installing: /home/gordon/grasp/install/franka_msgs/share/franka_msgs/msg/CollisionIndicators.idl
[6.775s] -- Installing: /home/gordon/grasp/install/franka_msgs/share/franka_msgs/msg/Elbow.idl
[6.775s] -- Installing: /home/gordon/grasp/install/franka_msgs/share/franka_msgs/msg/Errors.idl
[6.775s] -- Installing: /home/gordon/grasp/install/franka_msgs/share/franka_msgs/msg/GraspEpsilon.idl
[6.775s] -- Installing: /home/gordon/grasp/install/franka_msgs/share/franka_msgs/msg/FrankaRobotState.idl
[6.776s] -- Installing: /home/gordon/grasp/install/franka_msgs/share/franka_msgs/srv/SetCartesianStiffness.idl
[6.776s] -- Installing: /home/gordon/grasp/install/franka_msgs/share/franka_msgs/srv/SetTCPFrame.idl
[6.776s] -- Installing: /home/gordon/grasp/install/franka_msgs/share/franka_msgs/srv/SetForceTorqueCollisionBehavior.idl
[6.776s] -- Installing: /home/gordon/grasp/install/franka_msgs/share/franka_msgs/srv/SetFullCollisionBehavior.idl
[6.776s] -- Installing: /home/gordon/grasp/install/franka_msgs/share/franka_msgs/srv/SetJointStiffness.idl
[6.776s] -- Installing: /home/gordon/grasp/install/franka_msgs/share/franka_msgs/srv/SetStiffnessFrame.idl
[6.776s] -- Installing: /home/gordon/grasp/install/franka_msgs/share/franka_msgs/srv/SetLoad.idl
[6.776s] -- Installing: /home/gordon/grasp/install/franka_msgs/share/franka_msgs/action/ErrorRecovery.action
[6.776s] -- Installing: /home/gordon/grasp/install/franka_msgs/share/franka_msgs/action/Grasp.action
[6.776s] -- Installing: /home/gordon/grasp/install/franka_msgs/share/franka_msgs/action/Homing.action
[6.776s] -- Installing: /home/gordon/grasp/install/franka_msgs/share/franka_msgs/action/Move.action
[6.776s] -- Installing: /home/gordon/grasp/install/franka_msgs/share/franka_msgs/msg/CollisionIndicators.msg
[6.776s] -- Installing: /home/gordon/grasp/install/franka_msgs/share/franka_msgs/msg/Elbow.msg
[6.776s] -- Installing: /home/gordon/grasp/install/franka_msgs/share/franka_msgs/msg/Errors.msg
[6.776s] -- Installing: /home/gordon/grasp/install/franka_msgs/share/franka_msgs/msg/GraspEpsilon.msg
[6.776s] -- Installing: /home/gordon/grasp/install/franka_msgs/share/franka_msgs/msg/FrankaRobotState.msg
[6.776s] -- Installing: /home/gordon/grasp/install/franka_msgs/share/franka_msgs/srv/SetCartesianStiffness.srv
[6.776s] -- Installing: /home/gordon/grasp/install/franka_msgs/share/franka_msgs/srv/SetCartesianStiffness_Request.msg
[6.776s] -- Installing: /home/gordon/grasp/install/franka_msgs/share/franka_msgs/srv/SetCartesianStiffness_Response.msg
[6.776s] -- Installing: /home/gordon/grasp/install/franka_msgs/share/franka_msgs/srv/SetTCPFrame.srv
[6.776s] -- Installing: /home/gordon/grasp/install/franka_msgs/share/franka_msgs/srv/SetTCPFrame_Request.msg
[6.776s] -- Installing: /home/gordon/grasp/install/franka_msgs/share/franka_msgs/srv/SetTCPFrame_Response.msg
[6.776s] -- Installing: /home/gordon/grasp/install/franka_msgs/share/franka_msgs/srv/SetForceTorqueCollisionBehavior.srv
[6.776s] -- Installing: /home/gordon/grasp/install/franka_msgs/share/franka_msgs/srv/SetForceTorqueCollisionBehavior_Request.msg
[6.776s] -- Installing: /home/gordon/grasp/install/franka_msgs/share/franka_msgs/srv/SetForceTorqueCollisionBehavior_Response.msg
[6.776s] -- Installing: /home/gordon/grasp/install/franka_msgs/share/franka_msgs/srv/SetFullCollisionBehavior.srv
[6.777s] -- Installing: /home/gordon/grasp/install/franka_msgs/share/franka_msgs/srv/SetFullCollisionBehavior_Request.msg
[6.777s] -- Installing: /home/gordon/grasp/install/franka_msgs/share/franka_msgs/srv/SetFullCollisionBehavior_Response.msg
[6.777s] -- Installing: /home/gordon/grasp/install/franka_msgs/share/franka_msgs/srv/SetJointStiffness.srv
[6.777s] -- Installing: /home/gordon/grasp/install/franka_msgs/share/franka_msgs/srv/SetJointStiffness_Request.msg
[6.777s] -- Installing: /home/gordon/grasp/install/franka_msgs/share/franka_msgs/srv/SetJointStiffness_Response.msg
[6.777s] -- Installing: /home/gordon/grasp/install/franka_msgs/share/franka_msgs/srv/SetStiffnessFrame.srv
[6.777s] -- Installing: /home/gordon/grasp/install/franka_msgs/share/franka_msgs/srv/SetStiffnessFrame_Request.msg
[6.777s] -- Installing: /home/gordon/grasp/install/franka_msgs/share/franka_msgs/srv/SetStiffnessFrame_Response.msg
[6.777s] -- Installing: /home/gordon/grasp/install/franka_msgs/share/franka_msgs/srv/SetLoad.srv
[6.777s] -- Installing: /home/gordon/grasp/install/franka_msgs/share/franka_msgs/srv/SetLoad_Request.msg
[6.777s] -- Installing: /home/gordon/grasp/install/franka_msgs/share/franka_msgs/srv/SetLoad_Response.msg
[6.777s] -- Installing: /home/gordon/grasp/install/franka_msgs/share/ament_index/resource_index/package_run_dependencies/franka_msgs
[6.777s] -- Installing: /home/gordon/grasp/install/franka_msgs/share/ament_index/resource_index/parent_prefix_path/franka_msgs
[6.777s] -- Installing: /home/gordon/grasp/install/franka_msgs/share/franka_msgs/environment/ament_prefix_path.sh
[6.777s] -- Installing: /home/gordon/grasp/install/franka_msgs/share/franka_msgs/environment/ament_prefix_path.dsv
[6.777s] -- Installing: /home/gordon/grasp/install/franka_msgs/share/franka_msgs/environment/path.sh
[6.777s] -- Installing: /home/gordon/grasp/install/franka_msgs/share/franka_msgs/environment/path.dsv
[6.777s] -- Installing: /home/gordon/grasp/install/franka_msgs/share/franka_msgs/local_setup.bash
[6.777s] -- Installing: /home/gordon/grasp/install/franka_msgs/share/franka_msgs/local_setup.sh
[6.777s] -- Installing: /home/gordon/grasp/install/franka_msgs/share/franka_msgs/local_setup.zsh
[6.777s] -- Installing: /home/gordon/grasp/install/franka_msgs/share/franka_msgs/local_setup.dsv
[6.777s] -- Up-to-date: /home/gordon/grasp/install/franka_msgs/share/franka_msgs/package.dsv
[6.777s] -- Installing: /home/gordon/grasp/install/franka_msgs/share/ament_index/resource_index/packages/franka_msgs
[6.777s] -- Installing: /home/gordon/grasp/install/franka_msgs/share/franka_msgs/cmake/franka_msgs__rosidl_generator_cExport.cmake
[6.778s] -- Installing: /home/gordon/grasp/install/franka_msgs/share/franka_msgs/cmake/franka_msgs__rosidl_generator_cExport-noconfig.cmake
[6.778s] -- Installing: /home/gordon/grasp/install/franka_msgs/share/franka_msgs/cmake/franka_msgs__rosidl_typesupport_introspection_cExport.cmake
[6.778s] -- Installing: /home/gordon/grasp/install/franka_msgs/share/franka_msgs/cmake/franka_msgs__rosidl_typesupport_introspection_cExport-noconfig.cmake
[6.778s] -- Installing: /home/gordon/grasp/install/franka_msgs/share/franka_msgs/cmake/franka_msgs__rosidl_typesupport_cExport.cmake
[6.778s] -- Installing: /home/gordon/grasp/install/franka_msgs/share/franka_msgs/cmake/franka_msgs__rosidl_typesupport_cExport-noconfig.cmake
[6.778s] -- Installing: /home/gordon/grasp/install/franka_msgs/share/franka_msgs/cmake/franka_msgs__rosidl_generator_cppExport.cmake
[6.778s] -- Installing: /home/gordon/grasp/install/franka_msgs/share/franka_msgs/cmake/franka_msgs__rosidl_typesupport_introspection_cppExport.cmake
[6.778s] -- Installing: /home/gordon/grasp/install/franka_msgs/share/franka_msgs/cmake/franka_msgs__rosidl_typesupport_introspection_cppExport-noconfig.cmake
[6.778s] -- Installing: /home/gordon/grasp/install/franka_msgs/share/franka_msgs/cmake/franka_msgs__rosidl_typesupport_cppExport.cmake
[6.778s] -- Installing: /home/gordon/grasp/install/franka_msgs/share/franka_msgs/cmake/franka_msgs__rosidl_typesupport_cppExport-noconfig.cmake
[6.778s] -- Installing: /home/gordon/grasp/install/franka_msgs/share/franka_msgs/cmake/rosidl_cmake-extras.cmake
[6.778s] -- Installing: /home/gordon/grasp/install/franka_msgs/share/franka_msgs/cmake/ament_cmake_export_dependencies-extras.cmake
[6.778s] -- Installing: /home/gordon/grasp/install/franka_msgs/share/franka_msgs/cmake/ament_cmake_export_libraries-extras.cmake
[6.778s] -- Installing: /home/gordon/grasp/install/franka_msgs/share/franka_msgs/cmake/ament_cmake_export_targets-extras.cmake
[6.778s] -- Installing: /home/gordon/grasp/install/franka_msgs/share/franka_msgs/cmake/ament_cmake_export_include_directories-extras.cmake
[6.778s] -- Installing: /home/gordon/grasp/install/franka_msgs/share/franka_msgs/cmake/rosidl_cmake_export_typesupport_libraries-extras.cmake
[6.778s] -- Installing: /home/gordon/grasp/install/franka_msgs/share/franka_msgs/cmake/rosidl_cmake_export_typesupport_targets-extras.cmake
[6.778s] -- Installing: /home/gordon/grasp/install/franka_msgs/share/franka_msgs/cmake/franka_msgsConfig.cmake
[6.778s] -- Installing: /home/gordon/grasp/install/franka_msgs/share/franka_msgs/cmake/franka_msgsConfig-version.cmake
[6.778s] -- Installing: /home/gordon/grasp/install/franka_msgs/share/franka_msgs/package.xml
[6.780s] Invoked command in '/home/gordon/grasp/build/franka_msgs' returned '0': CMAKE_PREFIX_PATH=/home/gordon/grasp/install/my_python_package:/opt/ros/foxy CONDA_PROMPT_MODIFIER=(grasp38) /usr/bin/cmake --install /home/gordon/grasp/build/franka_msgs
