running egg_info
writing ../../build/my_python_package/my_python_package.egg-info/PKG-INFO
writing dependency_links to ../../build/my_python_package/my_python_package.egg-info/dependency_links.txt
writing entry points to ../../build/my_python_package/my_python_package.egg-info/entry_points.txt
writing requirements to ../../build/my_python_package/my_python_package.egg-info/requires.txt
writing top-level names to ../../build/my_python_package/my_python_package.egg-info/top_level.txt
reading manifest file '../../build/my_python_package/my_python_package.egg-info/SOURCES.txt'
writing manifest file '../../build/my_python_package/my_python_package.egg-info/SOURCES.txt'
running build
running build_py
copying my_python_package/pose_publisher.py -> /home/gordon/grasp/build/my_python_package/build/lib/my_python_package
running install
running install_lib
copying /home/gordon/grasp/build/my_python_package/build/lib/my_python_package/pose_publisher.py -> /home/gordon/grasp/install/my_python_package/lib/python3.8/site-packages/my_python_package
byte-compiling /home/gordon/grasp/install/my_python_package/lib/python3.8/site-packages/my_python_package/pose_publisher.py to pose_publisher.cpython-38.pyc
running install_data
running install_egg_info
removing '/home/gordon/grasp/install/my_python_package/lib/python3.8/site-packages/my_python_package-0.0.0-py3.8.egg-info' (and everything under it)
Copying ../../build/my_python_package/my_python_package.egg-info to /home/gordon/grasp/install/my_python_package/lib/python3.8/site-packages/my_python_package-0.0.0-py3.8.egg-info
running install_scripts
Installing pose_publisher script to /home/gordon/grasp/install/my_python_package/lib/my_python_package
Installing trajectory_publisher script to /home/gordon/grasp/install/my_python_package/lib/my_python_package
writing list of installed files to '/home/gordon/grasp/build/my_python_package/install.log'
