[0.007s] Invoking command in '/home/gordon/grasp/build/franka_gripper': AMENT_PREFIX_PATH=/home/gordon/grasp/install/franka_msgs:${AMENT_PREFIX_PATH} CMAKE_PREFIX_PATH=/home/gordon/grasp/install/franka_msgs:/home/gordon/grasp/install/my_python_package:/opt/ros/foxy CONDA_PROMPT_MODIFIER=(grasp38) LD_LIBRARY_PATH=/home/gordon/grasp/install/franka_msgs/lib:${LD_LIBRARY_PATH} PYTHONPATH=/home/gordon/grasp/install/franka_msgs/lib/python3.8/site-packages:${PYTHONPATH} /usr/bin/cmake /home/gordon/grasp/src/franka_ros2/franka_gripper -DCMAKE_INSTALL_PREFIX=/home/gordon/grasp/install/franka_gripper
[0.008s] [0mCMake Deprecation Warning at CMakeLists.txt:1 (cmake_minimum_required):
[0.009s]   Compatibility with CMake < 3.10 will be removed from a future version of
[0.009s]   CMake.
[0.009s] 
[0.009s]   Update the VERSION argument <min> value.  Or, use the <min>...<max> syntax
[0.009s]   to tell CMake that the project requires at least <min> but has been updated
[0.009s]   to work with policies introduced by <max> or earlier.
[0.009s] 
[0.009s] [0m
[0.031s] -- The C compiler identification is GNU 9.4.0
[0.061s] -- The CXX compiler identification is GNU 9.4.0
[0.065s] -- Detecting C compiler ABI info
[0.096s] -- Detecting C compiler ABI info - done
[0.109s] -- Check for working C compiler: /usr/bin/cc - skipped
[0.109s] -- Detecting C compile features
[0.109s] -- Detecting C compile features - done
[0.115s] -- Detecting CXX compiler ABI info
[0.150s] -- Detecting CXX compiler ABI info - done
[0.161s] -- Check for working CXX compiler: /usr/bin/c++ - skipped
[0.161s] -- Detecting CXX compile features
[0.163s] -- Detecting CXX compile features - done
[0.167s] -- Found ament_cmake: 0.9.12 (/opt/ros/foxy/share/ament_cmake/cmake)
[0.169s] [33mCMake Warning (dev) at /opt/ros/foxy/share/ament_cmake_core/cmake/core/python.cmake:22 (find_package):
[0.169s]   Policy CMP0148 is not set: The FindPythonInterp and FindPythonLibs modules
[0.170s]   are removed.  Run "cmake --help-policy CMP0148" for policy details.  Use
[0.170s]   the cmake_policy command to set the policy and suppress this warning.
[0.170s] 
[0.170s] Call Stack (most recent call first):
[0.170s]   /opt/ros/foxy/share/ament_cmake_core/cmake/core/all.cmake:53 (include)
[0.170s]   /opt/ros/foxy/share/ament_cmake_core/cmake/ament_cmake_core-extras.cmake:17 (include)
[0.170s]   /opt/ros/foxy/share/ament_cmake_core/cmake/ament_cmake_coreConfig.cmake:41 (include)
[0.170s]   /opt/ros/foxy/share/ament_cmake/cmake/ament_cmake_export_dependencies-extras.cmake:15 (find_package)
[0.170s]   /opt/ros/foxy/share/ament_cmake/cmake/ament_cmakeConfig.cmake:41 (include)
[0.170s]   CMakeLists.txt:16 (find_package)
[0.170s] This warning is for project developers.  Use -Wno-dev to suppress it.
[0.170s] [0m
[0.180s] -- Found PythonInterp: /home/gordon/miniconda3/envs/grasp38/bin/python3 (found suitable version "3.8.20", minimum required is "3")
[0.180s] -- Using PYTHON_EXECUTABLE: /home/gordon/miniconda3/envs/grasp38/bin/python3
[0.262s] -- Found franka_msgs: 1.0.0 (/home/gordon/grasp/install/franka_msgs/share/franka_msgs/cmake)
[0.278s] -- Using all available rosidl_typesupport_c: rosidl_typesupport_fastrtps_c;rosidl_typesupport_introspection_c
[0.282s] -- Found rosidl_adapter: 1.3.1 (/opt/ros/foxy/share/rosidl_adapter/cmake)
[0.322s] -- Found OpenSSL: /usr/lib/x86_64-linux-gnu/libcrypto.so (found version "1.1.1f")
[0.339s] -- Found FastRTPS: /opt/ros/foxy/include
[0.380s] -- Using all available rosidl_typesupport_cpp: rosidl_typesupport_fastrtps_cpp;rosidl_typesupport_introspection_cpp
[0.579s] -- Found rclcpp: 2.4.3 (/opt/ros/foxy/share/rclcpp/cmake)
[0.601s] -- Found rmw_implementation_cmake: 1.0.4 (/opt/ros/foxy/share/rmw_implementation_cmake/cmake)
[0.602s] -- Using RMW implementation 'rmw_fastrtps_cpp' as default
[0.602s] -- Performing Test CMAKE_HAVE_LIBC_PTHREAD
[0.637s] -- Performing Test CMAKE_HAVE_LIBC_PTHREAD - Failed
[0.637s] -- Looking for pthread_create in pthreads
[0.664s] -- Looking for pthread_create in pthreads - not found
[0.665s] -- Looking for pthread_create in pthread
[0.697s] -- Looking for pthread_create in pthread - found
[0.698s] -- Found Threads: TRUE
[0.766s] -- Found rclcpp_action: 2.4.3 (/opt/ros/foxy/share/rclcpp_action/cmake)
[0.783s] -- Found rclcpp_components: 2.4.3 (/opt/ros/foxy/share/rclcpp_components/cmake)
[0.821s] -- Found std_srvs: 2.0.5 (/opt/ros/foxy/share/std_srvs/cmake)
[0.828s] -- Found control_msgs: 2.5.1 (/opt/ros/foxy/share/control_msgs/cmake)
[0.986s] -- Configuring incomplete, errors occurred!
[0.986s] [31mCMake Error at CMakeLists.txt:26 (find_package):
[0.986s]   By not providing "FindFranka.cmake" in CMAKE_MODULE_PATH this project has
[0.986s]   asked CMake to find a package configuration file provided by "Franka", but
[0.986s]   CMake did not find one.
[0.986s] 
[0.987s]   Could not find a package configuration file provided by "Franka" (requested
[0.987s]   version 0.13.2) with any of the following names:
[0.987s] 
[0.987s]     FrankaConfig.cmake
[0.987s]     franka-config.cmake
[0.987s] 
[0.987s]   Add the installation prefix of "Franka" to CMAKE_PREFIX_PATH or set
[0.987s]   "Franka_DIR" to a directory containing one of the above files.  If "Franka"
[0.987s]   provides a separate development package or SDK, be sure it has been
[0.987s]   installed.
[0.987s] 
[0.987s] [0m
[0.992s] Invoked command in '/home/gordon/grasp/build/franka_gripper' returned '1': AMENT_PREFIX_PATH=/home/gordon/grasp/install/franka_msgs:${AMENT_PREFIX_PATH} CMAKE_PREFIX_PATH=/home/gordon/grasp/install/franka_msgs:/home/gordon/grasp/install/my_python_package:/opt/ros/foxy CONDA_PROMPT_MODIFIER=(grasp38) LD_LIBRARY_PATH=/home/gordon/grasp/install/franka_msgs/lib:${LD_LIBRARY_PATH} PYTHONPATH=/home/gordon/grasp/install/franka_msgs/lib/python3.8/site-packages:${PYTHONPATH} /usr/bin/cmake /home/gordon/grasp/src/franka_ros2/franka_gripper -DCMAKE_INSTALL_PREFIX=/home/gordon/grasp/install/franka_gripper
