running egg_info
writing ../../build/my_python_package/my_python_package.egg-info/PKG-INFO
writing dependency_links to ../../build/my_python_package/my_python_package.egg-info/dependency_links.txt
writing entry points to ../../build/my_python_package/my_python_package.egg-info/entry_points.txt
writing requirements to ../../build/my_python_package/my_python_package.egg-info/requires.txt
writing top-level names to ../../build/my_python_package/my_python_package.egg-info/top_level.txt
reading manifest file '../../build/my_python_package/my_python_package.egg-info/SOURCES.txt'
writing manifest file '../../build/my_python_package/my_python_package.egg-info/SOURCES.txt'
running build
running build_py
copying my_python_package/__init__.py -> /home/gordon/grasp/build/my_python_package/build/lib/my_python_package
copying my_python_package/trajectory_publisher.py -> /home/gordon/grasp/build/my_python_package/build/lib/my_python_package
copying my_python_package/pose_publisher.py -> /home/gordon/grasp/build/my_python_package/build/lib/my_python_package
running install
running install_lib
creating /home/gordon/grasp/install/my_python_package/lib/python3.12/site-packages/my_python_package
copying /home/gordon/grasp/build/my_python_package/build/lib/my_python_package/__init__.py -> /home/gordon/grasp/install/my_python_package/lib/python3.12/site-packages/my_python_package
copying /home/gordon/grasp/build/my_python_package/build/lib/my_python_package/trajectory_pubisher.py -> /home/gordon/grasp/install/my_python_package/lib/python3.12/site-packages/my_python_package
copying /home/gordon/grasp/build/my_python_package/build/lib/my_python_package/trajectory_publisher.py -> /home/gordon/grasp/install/my_python_package/lib/python3.12/site-packages/my_python_package
copying /home/gordon/grasp/build/my_python_package/build/lib/my_python_package/pose_publisher.py -> /home/gordon/grasp/install/my_python_package/lib/python3.12/site-packages/my_python_package
byte-compiling /home/gordon/grasp/install/my_python_package/lib/python3.12/site-packages/my_python_package/__init__.py to __init__.cpython-312.pyc
byte-compiling /home/gordon/grasp/install/my_python_package/lib/python3.12/site-packages/my_python_package/trajectory_pubisher.py to trajectory_pubisher.cpython-312.pyc
byte-compiling /home/gordon/grasp/install/my_python_package/lib/python3.12/site-packages/my_python_package/trajectory_publisher.py to trajectory_publisher.cpython-312.pyc
byte-compiling /home/gordon/grasp/install/my_python_package/lib/python3.12/site-packages/my_python_package/pose_publisher.py to pose_publisher.cpython-312.pyc
running install_data
copying resource/my_python_package -> /home/gordon/grasp/install/my_python_package/share/ament_index/resource_index/packages
copying package.xml -> /home/gordon/grasp/install/my_python_package/share/my_python_package
running install_egg_info
Copying ../../build/my_python_package/my_python_package.egg-info to /home/gordon/grasp/install/my_python_package/lib/python3.12/site-packages/my_python_package-0.0.0-py3.12.egg-info
running install_scripts
Installing pose_publisher script to /home/gordon/grasp/install/my_python_package/lib/my_python_package
Installing trajectory_publisher script to /home/gordon/grasp/install/my_python_package/lib/my_python_package
writing list of installed files to '/home/gordon/grasp/build/my_python_package/install.log'
