[0.363s] Invoking command in '/home/gordon/grasp/src/my_python_package': CONDA_PROMPT_MODIFIER=(base) PYTHONPATH=/home/gordon/grasp/build/my_python_package/prefix_override:/home/gordon/miniconda3/lib/python3.12/site-packages/colcon_core/task/python/colcon_distutils_commands:/home/gordon/grasp/install/my_python_package/lib/python3.12/site-packages:${PYTHONPATH} /home/gordon/miniconda3/bin/python -W ignore:setup.py install is deprecated -W ignore:easy_install command is deprecated setup.py egg_info --egg-base ../../build/my_python_package build --build-base /home/gordon/grasp/build/my_python_package/build install --record /home/gordon/grasp/build/my_python_package/install.log --single-version-externally-managed install_data
[0.481s] running egg_info
[0.487s] writing ../../build/my_python_package/my_python_package.egg-info/PKG-INFO
[0.492s] writing dependency_links to ../../build/my_python_package/my_python_package.egg-info/dependency_links.txt
[0.492s] writing entry points to ../../build/my_python_package/my_python_package.egg-info/entry_points.txt
[0.493s] writing requirements to ../../build/my_python_package/my_python_package.egg-info/requires.txt
[0.493s] writing top-level names to ../../build/my_python_package/my_python_package.egg-info/top_level.txt
[0.507s] reading manifest file '../../build/my_python_package/my_python_package.egg-info/SOURCES.txt'
[0.507s] writing manifest file '../../build/my_python_package/my_python_package.egg-info/SOURCES.txt'
[0.508s] running build
[0.508s] running build_py
[0.508s] copying my_python_package/__init__.py -> /home/gordon/grasp/build/my_python_package/build/lib/my_python_package
[0.508s] copying my_python_package/trajectory_publisher.py -> /home/gordon/grasp/build/my_python_package/build/lib/my_python_package
[0.509s] copying my_python_package/pose_publisher.py -> /home/gordon/grasp/build/my_python_package/build/lib/my_python_package
[0.509s] running install
[0.512s] running install_lib
[0.518s] creating /home/gordon/grasp/install/my_python_package/lib/python3.12/site-packages/my_python_package
[0.518s] copying /home/gordon/grasp/build/my_python_package/build/lib/my_python_package/__init__.py -> /home/gordon/grasp/install/my_python_package/lib/python3.12/site-packages/my_python_package
[0.518s] copying /home/gordon/grasp/build/my_python_package/build/lib/my_python_package/trajectory_pubisher.py -> /home/gordon/grasp/install/my_python_package/lib/python3.12/site-packages/my_python_package
[0.519s] copying /home/gordon/grasp/build/my_python_package/build/lib/my_python_package/trajectory_publisher.py -> /home/gordon/grasp/install/my_python_package/lib/python3.12/site-packages/my_python_package
[0.519s] copying /home/gordon/grasp/build/my_python_package/build/lib/my_python_package/pose_publisher.py -> /home/gordon/grasp/install/my_python_package/lib/python3.12/site-packages/my_python_package
[0.519s] byte-compiling /home/gordon/grasp/install/my_python_package/lib/python3.12/site-packages/my_python_package/__init__.py to __init__.cpython-312.pyc
[0.519s] byte-compiling /home/gordon/grasp/install/my_python_package/lib/python3.12/site-packages/my_python_package/trajectory_pubisher.py to trajectory_pubisher.cpython-312.pyc
[0.520s] byte-compiling /home/gordon/grasp/install/my_python_package/lib/python3.12/site-packages/my_python_package/trajectory_publisher.py to trajectory_publisher.cpython-312.pyc
[0.521s] byte-compiling /home/gordon/grasp/install/my_python_package/lib/python3.12/site-packages/my_python_package/pose_publisher.py to pose_publisher.cpython-312.pyc
[0.522s] running install_data
[0.522s] copying resource/my_python_package -> /home/gordon/grasp/install/my_python_package/share/ament_index/resource_index/packages
[0.522s] copying package.xml -> /home/gordon/grasp/install/my_python_package/share/my_python_package
[0.522s] running install_egg_info
[0.529s] Copying ../../build/my_python_package/my_python_package.egg-info to /home/gordon/grasp/install/my_python_package/lib/python3.12/site-packages/my_python_package-0.0.0-py3.12.egg-info
[0.529s] running install_scripts
[0.563s] Installing pose_publisher script to /home/gordon/grasp/install/my_python_package/lib/my_python_package
[0.563s] Installing trajectory_publisher script to /home/gordon/grasp/install/my_python_package/lib/my_python_package
[0.564s] writing list of installed files to '/home/gordon/grasp/build/my_python_package/install.log'
[0.578s] Invoked command in '/home/gordon/grasp/src/my_python_package' returned '0': CONDA_PROMPT_MODIFIER=(base) PYTHONPATH=/home/gordon/grasp/build/my_python_package/prefix_override:/home/gordon/miniconda3/lib/python3.12/site-packages/colcon_core/task/python/colcon_distutils_commands:/home/gordon/grasp/install/my_python_package/lib/python3.12/site-packages:${PYTHONPATH} /home/gordon/miniconda3/bin/python -W ignore:setup.py install is deprecated -W ignore:easy_install command is deprecated setup.py egg_info --egg-base ../../build/my_python_package build --build-base /home/gordon/grasp/build/my_python_package/build install --record /home/gordon/grasp/build/my_python_package/install.log --single-version-externally-managed install_data
